TN:
SF:src\middleware.ts
FN:34,getRateLimitKey
FN:39,checkRateLimit
FN:60,getMatchingRoute
FN:76,getMatchingRateLimit
FN:85,middleware
FNF:5
FNH:0
FNDA:0,getRateLimitKey
FNDA:0,checkRateLimit
FNDA:0,getMatchingRoute
FNDA:0,getMatchingRateLimit
FNDA:0,middleware
DA:1,0
DA:3,0
DA:6,0
DA:23,0
DA:32,0
DA:35,0
DA:36,0
DA:40,0
DA:41,0
DA:43,0
DA:44,0
DA:45,0
DA:47,0
DA:48,0
DA:49,0
DA:52,0
DA:53,0
DA:56,0
DA:57,0
DA:62,0
DA:63,0
DA:67,0
DA:68,0
DA:69,0
DA:73,0
DA:77,0
DA:78,0
DA:79,0
DA:82,0
DA:85,0
DA:86,0
DA:89,0
DA:95,0
DA:99,0
DA:100,0
DA:101,0
DA:108,0
DA:109,0
DA:110,0
DA:114,0
DA:117,0
DA:118,0
DA:119,0
DA:120,0
DA:124,0
DA:125,0
DA:127,0
DA:129,0
DA:130,0
DA:132,0
DA:136,0
DA:139,0
DA:140,0
DA:141,0
DA:143,0
DA:144,0
DA:152,0
DA:153,0
DA:154,0
DA:157,0
DA:160,0
LF:61
LH:0
BRDA:35,0,0,0
BRDA:35,0,1,0
BRDA:35,0,2,0
BRDA:41,1,0,0
BRDA:47,2,0,0
BRDA:47,3,0,0
BRDA:47,3,1,0
BRDA:52,4,0,0
BRDA:62,5,0,0
BRDA:68,6,0,0
BRDA:68,7,0,0
BRDA:68,7,1,0
BRDA:78,8,0,0
BRDA:89,9,0,0
BRDA:90,10,0,0
BRDA:90,10,1,0
BRDA:90,10,2,0
BRDA:90,10,3,0
BRDA:100,11,0,0
BRDA:100,12,0,0
BRDA:100,12,1,0
BRDA:109,13,0,0
BRDA:117,14,0,0
BRDA:117,15,0,0
BRDA:117,15,1,0
BRDA:127,16,0,0
BRDA:129,17,0,0
BRDA:139,18,0,0
BRDA:139,19,0,0
BRDA:139,19,1,0
BRDA:139,19,2,0
BRDA:143,20,0,0
BRDA:143,21,0,0
BRDA:143,21,1,0
BRDA:143,21,2,0
BRDA:152,22,0,0
BRF:36
BRH:0
end_of_record
TN:
SF:src\app\apple-icon.tsx
FN:14,AppleIcon
FNF:1
FNH:0
FNDA:0,AppleIcon
DA:1,0
DA:4,0
DA:7,0
DA:11,0
DA:14,0
DA:15,0
LF:6
LH:0
BRF:0
BRH:0
end_of_record
TN:
SF:src\app\icon.tsx
FN:14,Icon
FNF:1
FNH:0
FNDA:0,Icon
DA:1,0
DA:4,0
DA:7,0
DA:11,0
DA:14,0
DA:15,0
LF:6
LH:0
BRF:0
BRH:0
end_of_record
TN:
SF:src\app\not-found.tsx
FN:18,NotFound
FN:81,(anonymous_3)
FN:96,(anonymous_4)
FNF:3
FNH:0
FNDA:0,NotFound
FNDA:0,(anonymous_3)
FNDA:0,(anonymous_4)
DA:3,0
DA:4,0
DA:5,0
DA:6,0
DA:7,0
DA:16,0
DA:18,0
DA:19,0
DA:21,0
DA:81,0
DA:97,0
LF:11
LH:0
BRF:0
BRH:0
end_of_record
TN:
SF:src\app\page.tsx
FN:10,HomePage
FNF:1
FNH:1
FNDA:4,HomePage
DA:1,1
DA:2,1
DA:3,1
DA:4,1
DA:5,1
DA:6,1
DA:7,1
DA:8,1
DA:10,4
LF:9
LH:9
BRF:0
BRH:0
end_of_record
TN:
SF:src\app\about\page.tsx
FN:111,AboutPage
FN:122,(anonymous_5)
FN:155,(anonymous_6)
FN:179,(anonymous_7)
FN:205,(anonymous_8)
FNF:5
FNH:0
FNDA:0,AboutPage
FNDA:0,(anonymous_5)
FNDA:0,(anonymous_6)
FNDA:0,(anonymous_7)
FNDA:0,(anonymous_8)
DA:2,0
DA:3,0
DA:4,0
DA:5,0
DA:6,0
DA:7,0
DA:8,0
DA:19,0
DA:20,0
DA:22,0
DA:27,0
DA:34,0
DA:57,0
DA:88,0
DA:111,0
DA:123,0
DA:156,0
DA:180,0
DA:206,0
LF:19
LH:0
BRDA:211,0,0,0
BRF:1
BRH:0
end_of_record
TN:
SF:src\app\admin\layout.tsx
FN:6,AdminLayout
FNF:1
FNH:0
FNDA:0,AdminLayout
DA:1,0
DA:2,0
DA:3,0
DA:4,0
DA:6,0
DA:11,0
DA:14,0
DA:15,0
DA:19,0
DA:20,0
DA:21,0
DA:24,0
LF:12
LH:0
BRDA:14,0,0,0
BRDA:20,1,0,0
BRDA:20,2,0,0
BRDA:20,2,1,0
BRDA:26,3,0,0
BRDA:26,3,1,0
BRDA:27,4,0,0
BRDA:27,4,1,0
BRF:8
BRH:0
end_of_record
TN:
SF:src\app\admin\page.tsx
FN:12,AdminPage
FN:65,(anonymous_4)
FNF:2
FNH:0
FNDA:0,AdminPage
FNDA:0,(anonymous_4)
DA:2,0
DA:3,0
DA:4,0
DA:5,0
DA:7,0
DA:12,0
DA:13,0
DA:16,0
DA:17,0
DA:29,0
DA:56,0
DA:65,0
LF:12
LH:0
BRDA:16,0,0,0
BRDA:61,1,0,0
BRDA:61,1,1,0
BRDA:62,2,0,0
BRDA:62,2,1,0
BRDA:63,3,0,0
BRDA:63,3,1,0
BRDA:67,4,0,0
BRDA:67,4,1,0
BRF:9
BRH:0
end_of_record
TN:
SF:src\app\admin\ai\page.tsx
FN:8,AIContentHubPage
FNF:1
FNH:0
FNDA:0,AIContentHubPage
DA:6,0
DA:8,0
DA:9,0
DA:12,0
LF:4
LH:0
BRF:0
BRH:0
end_of_record
TN:
SF:src\app\admin\ai-insights\page.tsx
FN:3,AIInsightsPage
FNF:1
FNH:0
FNDA:0,AIInsightsPage
DA:1,0
DA:3,0
DA:4,0
DA:7,0
LF:4
LH:0
BRF:0
BRH:0
end_of_record
TN:
SF:src\app\admin\analytics\page.tsx
FN:8,AnalyticsPage
FNF:1
FNH:0
FNDA:0,AnalyticsPage
DA:6,0
DA:8,0
DA:9,0
DA:12,0
LF:4
LH:0
BRF:0
BRH:0
end_of_record
TN:
SF:src\app\admin\analytics\real-time\page.tsx
FN:3,RealTimeAnalyticsPage
FNF:1
FNH:0
FNDA:0,RealTimeAnalyticsPage
DA:1,0
DA:3,0
DA:4,0
DA:7,0
LF:4
LH:0
BRF:0
BRH:0
end_of_record
TN:
SF:src\app\admin\analytics\team\page.tsx
FN:62,TeamAnalyticsPage
FN:154,(anonymous_5)
FN:160,(anonymous_6)
FNF:3
FNH:0
FNDA:0,TeamAnalyticsPage
FNDA:0,(anonymous_5)
FNDA:0,(anonymous_6)
DA:2,0
DA:3,0
DA:4,0
DA:5,0
DA:6,0
DA:7,0
DA:8,0
DA:19,0
DA:20,0
DA:22,0
DA:27,0
DA:62,0
DA:155,0
DA:160,0
LF:14
LH:0
BRDA:169,0,0,0
BRDA:169,0,1,0
BRDA:170,1,0,0
BRDA:170,1,1,0
BRF:4
BRH:0
end_of_record
TN:
SF:src\app\admin\api-keys\page.tsx
FN:58,APIKeysPage
FN:115,(anonymous_4)
FN:154,(anonymous_5)
FNF:3
FNH:0
FNDA:0,APIKeysPage
FNDA:0,(anonymous_4)
FNDA:0,(anonymous_5)
DA:2,0
DA:3,0
DA:4,0
DA:5,0
DA:6,0
DA:7,0
DA:8,0
DA:9,0
DA:21,0
DA:23,0
DA:28,0
DA:58,0
DA:116,0
DA:155,0
LF:14
LH:0
BRDA:121,0,0,0
BRDA:121,0,1,0
BRF:2
BRH:0
end_of_record
TN:
SF:src\app\admin\approvals\page.tsx
FN:99,ApprovalsPage
FN:160,(anonymous_4)
FN:229,(anonymous_5)
FNF:3
FNH:0
FNDA:0,ApprovalsPage
FNDA:0,(anonymous_4)
FNDA:0,(anonymous_5)
DA:2,0
DA:3,0
DA:4,0
DA:5,0
DA:6,0
DA:7,0
DA:19,0
DA:21,0
DA:26,0
DA:77,0
DA:99,0
DA:161,0
DA:230,0
LF:13
LH:0
BRDA:166,0,0,0
BRDA:166,0,1,0
BRDA:233,1,0,0
BRDA:233,1,1,0
BRDA:236,2,0,0
BRDA:247,3,0,0
BRDA:252,4,0,0
BRDA:252,4,1,0
BRDA:258,5,0,0
BRDA:258,5,1,0
BRF:10
BRH:0
end_of_record
TN:
SF:src\app\admin\billing\page.tsx
FN:28,BillingPage
FNF:1
FNH:0
FNDA:0,BillingPage
DA:2,0
DA:3,0
DA:4,0
DA:5,0
DA:6,0
DA:7,0
DA:8,0
DA:20,0
DA:21,0
DA:23,0
DA:28,0
LF:11
LH:0
BRF:0
BRH:0
end_of_record
TN:
SF:src\app\admin\billing\invoices\page.tsx
FN:76,InvoicesPage
FN:109,(anonymous_5)
FN:157,(anonymous_6)
FNF:3
FNH:0
FNDA:0,InvoicesPage
FNDA:0,(anonymous_5)
FNDA:0,(anonymous_6)
DA:2,0
DA:3,0
DA:4,0
DA:5,0
DA:6,0
DA:7,0
DA:8,0
DA:17,0
DA:18,0
DA:20,0
DA:25,0
DA:76,0
DA:109,0
DA:158,0
LF:14
LH:0
BRF:0
BRH:0
end_of_record
TN:
SF:src\app\admin\billing\payment\page.tsx
FN:23,PaymentMethodPage
FNF:1
FNH:0
FNDA:0,PaymentMethodPage
DA:2,0
DA:3,0
DA:4,0
DA:5,0
DA:6,0
DA:7,0
DA:8,0
DA:15,0
DA:16,0
DA:18,0
DA:23,0
LF:11
LH:0
BRF:0
BRH:0
end_of_record
TN:
SF:src\app\admin\categories\page.tsx
FN:3,CategoriesPage
FNF:1
FNH:0
FNDA:0,CategoriesPage
DA:1,0
DA:3,0
LF:2
LH:0
BRF:0
BRH:0
end_of_record
TN:
SF:src\app\admin\comments\page.tsx
FN:93,CommentsPage
FN:94,(anonymous_4)
FN:95,(anonymous_5)
FN:96,(anonymous_6)
FN:178,(anonymous_7)
FNF:5
FNH:0
FNDA:0,CommentsPage
FNDA:0,(anonymous_4)
FNDA:0,(anonymous_5)
FNDA:0,(anonymous_6)
FNDA:0,(anonymous_7)
DA:2,0
DA:3,0
DA:4,0
DA:5,0
DA:6,0
DA:7,0
DA:8,0
DA:23,0
DA:25,0
DA:30,0
DA:93,0
DA:94,0
DA:95,0
DA:96,0
DA:179,0
LF:15
LH:0
BRDA:188,0,0,0
BRDA:188,0,1,0
BRDA:189,1,0,0
BRDA:189,1,1,0
BRDA:190,2,0,0
BRDA:190,2,1,0
BRDA:194,3,0,0
BRDA:231,4,0,0
BRDA:244,5,0,0
BRF:9
BRH:0
end_of_record
TN:
SF:src\app\admin\content\page.tsx
FN:3,ContentPage
FNF:1
FNH:0
FNDA:0,ContentPage
DA:1,0
DA:3,0
DA:4,0
DA:7,0
LF:4
LH:0
BRF:0
BRH:0
end_of_record
TN:
SF:src\app\admin\content\create\page.tsx
FN:3,CreateContentPage
FNF:1
FNH:0
FNDA:0,CreateContentPage
DA:1,0
DA:3,0
DA:4,0
DA:7,0
LF:4
LH:0
BRF:0
BRH:0
end_of_record
TN:
SF:src\app\admin\email\page.tsx
FN:3,EmailPage
FNF:1
FNH:0
FNDA:0,EmailPage
DA:1,0
DA:3,0
DA:4,0
DA:7,0
LF:4
LH:0
BRF:0
BRH:0
end_of_record
TN:
SF:src\app\admin\health\page.tsx
FN:12,HealthPage
FNF:1
FNH:0
FNDA:0,HealthPage
DA:2,0
DA:3,0
DA:4,0
DA:5,0
DA:7,0
DA:12,0
DA:13,0
DA:16,0
DA:17,0
DA:21,0
DA:37,0
DA:38,0
DA:42,0
DA:43,0
LF:14
LH:0
BRDA:16,0,0,0
BRDA:37,1,0,0
BRDA:42,2,0,0
BRF:3
BRH:0
end_of_record
TN:
SF:src\app\admin\media\page.tsx
FN:3,MediaPage
FNF:1
FNH:0
FNDA:0,MediaPage
DA:1,0
DA:3,0
DA:4,0
LF:3
LH:0
BRF:0
BRH:0
end_of_record
TN:
SF:src\app\admin\notifications\page.tsx
FN:3,NotificationsPage
FNF:1
FNH:0
FNDA:0,NotificationsPage
DA:1,0
DA:3,0
DA:4,0
DA:7,0
LF:4
LH:0
BRF:0
BRH:0
end_of_record
TN:
SF:src\app\admin\platforms\page.tsx
FN:142,AdminPlatforms
FN:147,(anonymous_2)
FN:260,(anonymous_3)
FN:267,(anonymous_4)
FN:270,(anonymous_5)
FN:276,(anonymous_6)
FN:295,(anonymous_7)
FN:389,(anonymous_8)
FNF:8
FNH:0
FNDA:0,AdminPlatforms
FNDA:0,(anonymous_2)
FNDA:0,(anonymous_3)
FNDA:0,(anonymous_4)
FNDA:0,(anonymous_5)
FNDA:0,(anonymous_6)
FNDA:0,(anonymous_7)
FNDA:0,(anonymous_8)
DA:3,0
DA:20,0
DA:21,0
DA:22,0
DA:23,0
DA:24,0
DA:25,0
DA:26,0
DA:29,0
DA:110,0
DA:121,0
DA:128,0
DA:135,0
DA:142,0
DA:143,0
DA:144,0
DA:145,0
DA:147,0
DA:148,0
DA:150,0
DA:151,0
DA:153,0
DA:260,0
DA:267,0
DA:271,0
DA:276,0
DA:296,0
DA:298,0
DA:390,0
LF:29
LH:0
BRDA:148,0,0,0
BRDA:148,0,1,0
BRDA:150,1,0,0
BRDA:150,1,1,0
BRDA:151,2,0,0
BRDA:151,2,1,0
BRDA:153,3,0,0
BRDA:153,3,1,0
BRDA:153,3,2,0
BRF:9
BRH:0
end_of_record
TN:
SF:src\app\admin\posts\page.tsx
FN:10,AdminPostsPage
FNF:1
FNH:0
FNDA:0,AdminPostsPage
DA:1,0
DA:3,0
DA:5,0
DA:10,0
LF:4
LH:0
BRF:0
BRH:0
end_of_record
TN:
SF:src\app\admin\posts\[id]\edit\page.tsx
FN:96,generateMetadata
FN:104,EditPostPage
FNF:2
FNH:0
FNDA:0,generateMetadata
FNDA:0,EditPostPage
DA:2,0
DA:3,0
DA:4,0
DA:5,0
DA:6,0
DA:7,0
DA:8,0
DA:9,0
DA:10,0
DA:11,0
DA:19,0
DA:20,0
DA:29,0
DA:96,0
DA:98,0
DA:104,0
DA:106,0
DA:108,0
DA:109,0
LF:19
LH:0
BRDA:108,0,0,0
BRDA:141,1,0,0
BRDA:141,1,1,0
BRF:3
BRH:0
end_of_record
TN:
SF:src\app\admin\posts\bulk-upload\page.tsx
FN:25,BulkUploadPage
FNF:1
FNH:0
FNDA:0,BulkUploadPage
DA:2,0
DA:3,0
DA:4,0
DA:5,0
DA:6,0
DA:7,0
DA:8,0
DA:17,0
DA:18,0
DA:20,0
DA:25,0
LF:11
LH:0
BRF:0
BRH:0
end_of_record
TN:
SF:src\app\admin\posts\create\page.tsx
FN:46,CreateEditPost
FN:58,(anonymous_3)
FN:58,(anonymous_4)
FN:63,(anonymous_5)
FN:67,(anonymous_6)
FN:76,(anonymous_7)
FN:77,(anonymous_8)
FN:79,(anonymous_9)
FN:83,(anonymous_10)
FN:84,(anonymous_11)
FN:87,(anonymous_12)
FN:92,(anonymous_13)
FN:96,(anonymous_14)
FN:126,(anonymous_15)
FN:130,(anonymous_16)
FN:145,(anonymous_17)
FN:145,(anonymous_18)
FN:158,(anonymous_19)
FN:158,(anonymous_20)
FN:169,(anonymous_21)
FN:169,(anonymous_22)
FN:187,(anonymous_23)
FN:187,(anonymous_24)
FN:204,(anonymous_25)
FN:204,(anonymous_26)
FN:230,(anonymous_27)
FN:230,(anonymous_28)
FN:234,(anonymous_29)
FN:248,(anonymous_30)
FN:252,(anonymous_31)
FN:254,(anonymous_32)
FN:287,(anonymous_33)
FN:294,(anonymous_34)
FN:324,(anonymous_35)
FN:324,(anonymous_36)
FN:334,(anonymous_37)
FN:334,(anonymous_38)
FNF:37
FNH:0
FNDA:0,CreateEditPost
FNDA:0,(anonymous_3)
FNDA:0,(anonymous_4)
FNDA:0,(anonymous_5)
FNDA:0,(anonymous_6)
FNDA:0,(anonymous_7)
FNDA:0,(anonymous_8)
FNDA:0,(anonymous_9)
FNDA:0,(anonymous_10)
FNDA:0,(anonymous_11)
FNDA:0,(anonymous_12)
FNDA:0,(anonymous_13)
FNDA:0,(anonymous_14)
FNDA:0,(anonymous_15)
FNDA:0,(anonymous_16)
FNDA:0,(anonymous_17)
FNDA:0,(anonymous_18)
FNDA:0,(anonymous_19)
FNDA:0,(anonymous_20)
FNDA:0,(anonymous_21)
FNDA:0,(anonymous_22)
FNDA:0,(anonymous_23)
FNDA:0,(anonymous_24)
FNDA:0,(anonymous_25)
FNDA:0,(anonymous_26)
FNDA:0,(anonymous_27)
FNDA:0,(anonymous_28)
FNDA:0,(anonymous_29)
FNDA:0,(anonymous_30)
FNDA:0,(anonymous_31)
FNDA:0,(anonymous_32)
FNDA:0,(anonymous_33)
FNDA:0,(anonymous_34)
FNDA:0,(anonymous_35)
FNDA:0,(anonymous_36)
FNDA:0,(anonymous_37)
FNDA:0,(anonymous_38)
DA:3,0
DA:16,0
DA:17,0
DA:18,0
DA:19,0
DA:20,0
DA:21,0
DA:22,0
DA:24,0
DA:33,0
DA:46,0
DA:47,0
DA:58,0
DA:61,0
DA:63,0
DA:64,0
DA:65,0
DA:66,0
DA:67,0
DA:72,0
DA:76,0
DA:77,0
DA:79,0
DA:83,0
DA:84,0
DA:87,0
DA:92,0
DA:93,0
DA:96,0
DA:97,0
DA:126,0
DA:130,0
DA:145,0
DA:158,0
DA:169,0
DA:187,0
DA:204,0
DA:230,0
DA:235,0
DA:248,0
DA:253,0
DA:254,0
DA:288,0
DA:294,0
DA:324,0
DA:334,0
LF:46
LH:0
BRDA:64,0,0,0
BRDA:64,1,0,0
BRDA:64,1,1,0
BRDA:66,2,0,0
BRDA:86,3,0,0
BRDA:86,3,1,0
BRDA:296,4,0,0
BRDA:296,4,1,0
BRDA:302,5,0,0
BRDA:302,5,1,0
BRF:10
BRH:0
end_of_record
TN:
SF:src\app\admin\posts\new\page.tsx
FN:6,NewPostPage
FN:9,(anonymous_2)
FNF:2
FNH:0
FNDA:0,NewPostPage
FNDA:0,(anonymous_2)
DA:3,0
DA:4,0
DA:6,0
DA:7,0
DA:9,0
DA:11,0
LF:6
LH:0
BRF:0
BRH:0
end_of_record
TN:
SF:src\app\admin\publishing\page.tsx
FN:12,PublishingPage
FNF:1
FNH:0
FNDA:0,PublishingPage
DA:2,0
DA:3,0
DA:4,0
DA:5,0
DA:7,0
DA:12,0
DA:13,0
DA:16,0
DA:17,0
DA:21,0
DA:30,0
DA:31,0
DA:35,0
DA:56,0
LF:14
LH:0
BRDA:16,0,0,0
BRDA:30,1,0,0
BRF:2
BRH:0
end_of_record
TN:
SF:src\app\admin\scheduled\page.tsx
FN:79,ScheduledContentPage
FN:80,(anonymous_4)
FN:81,(anonymous_5)
FN:163,(anonymous_6)
FN:192,(anonymous_7)
FNF:5
FNH:0
FNDA:0,ScheduledContentPage
FNDA:0,(anonymous_4)
FNDA:0,(anonymous_5)
FNDA:0,(anonymous_6)
FNDA:0,(anonymous_7)
DA:2,0
DA:3,0
DA:4,0
DA:5,0
DA:6,0
DA:7,0
DA:19,0
DA:21,0
DA:26,0
DA:79,0
DA:80,0
DA:81,0
DA:164,0
DA:193,0
LF:14
LH:0
BRDA:169,0,0,0
BRDA:169,0,1,0
BRDA:214,1,0,0
BRF:3
BRH:0
end_of_record
TN:
SF:src\app\admin\scheduler\page.tsx
FN:3,SchedulerPage
FNF:1
FNH:0
FNDA:0,SchedulerPage
DA:1,0
DA:3,0
DA:4,0
LF:3
LH:0
BRF:0
BRH:0
end_of_record
TN:
SF:src\app\admin\seo\page.tsx
FN:3,SEOPage
FNF:1
FNH:0
FNDA:0,SEOPage
DA:1,0
DA:3,0
DA:4,0
DA:7,0
LF:4
LH:0
BRF:0
BRH:0
end_of_record
TN:
SF:src\app\admin\settings\page.tsx
FN:27,AdminSettingsPage
FNF:1
FNH:0
FNDA:0,AdminSettingsPage
DA:2,0
DA:3,0
DA:4,0
DA:5,0
DA:6,0
DA:7,0
DA:8,0
DA:9,0
DA:20,0
DA:22,0
DA:27,0
LF:11
LH:0
BRF:0
BRH:0
end_of_record
TN:
SF:src\app\admin\team\page.tsx
FN:85,(anonymous_3)
FN:102,(anonymous_4)
FN:119,TeamManagementPage
FN:142,(anonymous_6)
FN:149,(anonymous_7)
FN:203,(anonymous_8)
FN:210,(anonymous_9)
FN:280,(anonymous_10)
FNF:8
FNH:0
FNDA:0,(anonymous_3)
FNDA:0,(anonymous_4)
FNDA:0,TeamManagementPage
FNDA:0,(anonymous_6)
FNDA:0,(anonymous_7)
FNDA:0,(anonymous_8)
FNDA:0,(anonymous_9)
FNDA:0,(anonymous_10)
DA:2,0
DA:3,0
DA:4,0
DA:5,0
DA:6,0
DA:7,0
DA:8,0
DA:20,0
DA:22,0
DA:27,0
DA:85,0
DA:86,0
DA:88,0
DA:90,0
DA:92,0
DA:94,0
DA:96,0
DA:98,0
DA:102,0
DA:103,0
DA:105,0
DA:107,0
DA:109,0
DA:111,0
DA:113,0
DA:115,0
DA:119,0
DA:142,0
DA:149,0
DA:204,0
DA:205,0
DA:210,0
DA:281,0
LF:33
LH:0
BRDA:86,0,0,0
BRDA:86,0,1,0
BRDA:86,0,2,0
BRDA:86,0,3,0
BRDA:86,0,4,0
BRDA:86,0,5,0
BRDA:103,1,0,0
BRDA:103,1,1,0
BRDA:103,1,2,0
BRDA:103,1,3,0
BRDA:103,1,4,0
BRDA:103,1,5,0
BRDA:217,2,0,0
BRDA:217,2,1,0
BRDA:285,3,0,0
BRDA:285,3,1,0
BRDA:288,4,0,0
BRDA:288,4,1,0
BRDA:291,5,0,0
BRDA:291,5,1,0
BRF:20
BRH:0
end_of_record
TN:
SF:src\app\admin\templates\page.tsx
FN:96,TemplatesPage
FN:124,(anonymous_2)
FN:130,(anonymous_3)
FN:155,(anonymous_4)
FN:172,(anonymous_5)
FN:183,(anonymous_6)
FN:183,(anonymous_7)
FN:196,(anonymous_8)
FN:206,(anonymous_9)
FN:277,(anonymous_10)
FN:289,(anonymous_11)
FN:301,(anonymous_12)
FN:319,(anonymous_13)
FN:330,(anonymous_14)
FN:343,(anonymous_15)
FN:353,(anonymous_16)
FN:364,(anonymous_17)
FN:386,(anonymous_18)
FN:401,(anonymous_19)
FN:409,(anonymous_20)
FN:424,(anonymous_21)
FNF:21
FNH:0
FNDA:0,TemplatesPage
FNDA:0,(anonymous_2)
FNDA:0,(anonymous_3)
FNDA:0,(anonymous_4)
FNDA:0,(anonymous_5)
FNDA:0,(anonymous_6)
FNDA:0,(anonymous_7)
FNDA:0,(anonymous_8)
FNDA:0,(anonymous_9)
FNDA:0,(anonymous_10)
FNDA:0,(anonymous_11)
FNDA:0,(anonymous_12)
FNDA:0,(anonymous_13)
FNDA:0,(anonymous_14)
FNDA:0,(anonymous_15)
FNDA:0,(anonymous_16)
FNDA:0,(anonymous_17)
FNDA:0,(anonymous_18)
FNDA:0,(anonymous_19)
FNDA:0,(anonymous_20)
FNDA:0,(anonymous_21)
DA:3,0
DA:4,0
DA:5,0
DA:21,0
DA:22,0
DA:23,0
DA:24,0
DA:25,0
DA:27,0
DA:48,0
DA:96,0
DA:97,0
DA:98,0
DA:99,0
DA:100,0
DA:101,0
DA:102,0
DA:103,0
DA:105,0
DA:113,0
DA:124,0
DA:125,0
DA:126,0
DA:130,0
DA:131,0
DA:132,0
DA:133,0
DA:140,0
DA:141,0
DA:143,0
DA:144,0
DA:146,0
DA:147,0
DA:149,0
DA:153,0
DA:155,0
DA:156,0
DA:158,0
DA:165,0
DA:167,0
DA:168,0
DA:172,0
DA:173,0
DA:174,0
DA:180,0
DA:182,0
DA:183,0
DA:184,0
DA:189,0
DA:191,0
DA:192,0
DA:196,0
DA:197,0
DA:198,0
DA:199,0
DA:200,0
DA:201,0
DA:202,0
DA:206,0
DA:207,0
DA:208,0
DA:209,0
DA:210,0
DA:211,0
DA:212,0
DA:216,0
DA:224,0
DA:277,0
DA:289,0
DA:301,0
DA:319,0
DA:331,0
DA:344,0
DA:353,0
DA:365,0
DA:367,0
DA:386,0
DA:402,0
DA:410,0
DA:424,0
LF:80
LH:0
BRDA:125,0,0,0
BRDA:134,1,0,0
BRDA:134,1,1,0
BRDA:135,2,0,0
BRDA:135,2,1,0
BRDA:136,3,0,0
BRDA:136,3,1,0
BRDA:137,4,0,0
BRDA:137,4,1,0
BRDA:141,5,0,0
BRDA:180,6,0,0
BRDA:184,7,0,0
BRDA:184,7,1,0
BRDA:197,8,0,0
BRDA:197,8,1,0
BRDA:197,8,2,0
BRDA:197,8,3,0
BRDA:197,8,4,0
BRDA:207,9,0,0
BRDA:207,9,1,0
BRDA:207,9,2,0
BRDA:207,9,3,0
BRDA:207,9,4,0
BRDA:216,10,0,0
BRDA:224,11,0,0
BRDA:352,12,0,0
BRDA:352,12,1,0
BRDA:389,13,0,0
BRDA:389,13,1,0
BRDA:444,14,0,0
BRF:30
BRH:0
end_of_record
TN:
SF:src\app\admin\users\page.tsx
FN:3,UsersPage
FNF:1
FNH:0
FNDA:0,UsersPage
DA:1,0
DA:3,0
DA:4,0
DA:7,0
LF:4
LH:0
BRF:0
BRH:0
end_of_record
TN:
SF:src\app\admin\webhooks\page.tsx
FN:72,WebhooksPage
FN:116,(anonymous_4)
FN:145,(anonymous_5)
FN:167,(anonymous_6)
FNF:4
FNH:0
FNDA:0,WebhooksPage
FNDA:0,(anonymous_4)
FNDA:0,(anonymous_5)
FNDA:0,(anonymous_6)
DA:2,0
DA:3,0
DA:4,0
DA:5,0
DA:6,0
DA:7,0
DA:8,0
DA:9,0
DA:21,0
DA:23,0
DA:28,0
DA:61,0
DA:72,0
DA:117,0
DA:146,0
DA:168,0
LF:16
LH:0
BRDA:151,0,0,0
BRDA:151,0,1,0
BRDA:197,1,0,0
BRF:3
BRH:0
end_of_record
TN:
SF:src\app\admin\workflows\page.tsx
FN:74,WorkflowsPage
FN:97,(anonymous_4)
FN:104,(anonymous_5)
FN:111,(anonymous_6)
FN:154,(anonymous_7)
FN:170,(anonymous_8)
FN:187,(anonymous_9)
FNF:7
FNH:0
FNDA:0,WorkflowsPage
FNDA:0,(anonymous_4)
FNDA:0,(anonymous_5)
FNDA:0,(anonymous_6)
FNDA:0,(anonymous_7)
FNDA:0,(anonymous_8)
FNDA:0,(anonymous_9)
DA:2,0
DA:3,0
DA:4,0
DA:5,0
DA:6,0
DA:7,0
DA:20,0
DA:22,0
DA:27,0
DA:74,0
DA:97,0
DA:104,0
DA:111,0
DA:155,0
DA:171,0
DA:188,0
LF:16
LH:0
BRDA:160,0,0,0
BRDA:160,0,1,0
BRDA:175,1,0,0
BRDA:221,2,0,0
BRF:4
BRH:0
end_of_record
TN:
SF:src\app\api-docs\page.tsx
FN:143,(anonymous_4)
FN:153,APIDocsPage
FN:229,(anonymous_6)
FN:260,(anonymous_7)
FN:297,(anonymous_8)
FNF:5
FNH:0
FNDA:0,(anonymous_4)
FNDA:0,APIDocsPage
FNDA:0,(anonymous_6)
FNDA:0,(anonymous_7)
FNDA:0,(anonymous_8)
DA:2,0
DA:3,0
DA:4,0
DA:5,0
DA:6,0
DA:7,0
DA:8,0
DA:20,0
DA:21,0
DA:23,0
DA:28,0
DA:67,0
DA:94,0
DA:143,0
DA:144,0
DA:145,0
DA:146,0
DA:147,0
DA:148,0
DA:149,0
DA:153,0
DA:230,0
DA:261,0
DA:298,0
LF:24
LH:0
BRDA:144,0,0,0
BRDA:144,0,1,0
BRDA:144,0,2,0
BRDA:144,0,3,0
BRDA:144,0,4,0
BRDA:273,1,0,0
BRF:6
BRH:0
end_of_record
TN:
SF:src\app\api\admin\categories\route.ts
FN:5,GET
FN:64,POST
FNF:2
FNH:0
FNDA:0,GET
FNDA:0,POST
DA:1,0
DA:2,0
DA:3,0
DA:5,0
DA:6,0
DA:7,0
DA:9,0
DA:10,0
DA:13,0
DA:14,0
DA:15,0
DA:16,0
DA:17,0
DA:18,0
DA:20,0
DA:22,0
DA:29,0
DA:31,0
DA:46,0
DA:56,0
DA:57,0
DA:64,0
DA:65,0
DA:66,0
DA:68,0
DA:69,0
DA:72,0
DA:73,0
DA:75,0
DA:76,0
DA:83,0
DA:86,0
DA:95,0
DA:96,0
DA:102,0
DA:117,0
DA:119,0
DA:120,0
LF:38
LH:0
BRDA:9,0,0,0
BRDA:9,1,0,0
BRDA:9,1,1,0
BRDA:14,2,0,0
BRDA:14,2,1,0
BRDA:15,3,0,0
BRDA:15,3,1,0
BRDA:16,4,0,0
BRDA:16,4,1,0
BRDA:17,5,0,0
BRDA:17,5,1,0
BRDA:18,6,0,0
BRDA:18,6,1,0
BRDA:22,7,0,0
BRDA:22,7,1,0
BRDA:68,8,0,0
BRDA:68,9,0,0
BRDA:68,9,1,0
BRDA:75,10,0,0
BRDA:95,11,0,0
BRF:20
BRH:0
end_of_record
TN:
SF:src\app\api\admin\categories\[id]\route.ts
FN:5,GET
FN:39,PUT
FN:120,DELETE
FNF:3
FNH:0
FNDA:0,GET
FNDA:0,PUT
FNDA:0,DELETE
DA:1,0
DA:2,0
DA:3,0
DA:5,0
DA:9,0
DA:10,0
DA:12,0
DA:13,0
DA:16,0
DA:25,0
DA:26,0
DA:29,0
DA:31,0
DA:32,0
DA:39,0
DA:43,0
DA:44,0
DA:46,0
DA:47,0
DA:50,0
DA:51,0
DA:53,0
DA:54,0
DA:61,0
DA:64,0
DA:68,0
DA:69,0
DA:73,0
DA:87,0
DA:88,0
DA:94,0
DA:110,0
DA:112,0
DA:113,0
DA:120,0
DA:124,0
DA:125,0
DA:127,0
DA:128,0
DA:132,0
DA:141,0
DA:142,0
DA:146,0
DA:147,0
DA:153,0
DA:157,0
DA:159,0
DA:160,0
LF:48
LH:0
BRDA:12,0,0,0
BRDA:12,1,0,0
BRDA:12,1,1,0
BRDA:25,2,0,0
BRDA:46,3,0,0
BRDA:46,4,0,0
BRDA:46,4,1,0
BRDA:53,5,0,0
BRDA:68,6,0,0
BRDA:87,7,0,0
BRDA:127,8,0,0
BRDA:127,9,0,0
BRDA:127,9,1,0
BRDA:141,10,0,0
BRDA:146,11,0,0
BRF:15
BRH:0
end_of_record
TN:
SF:src\app\api\admin\categories\bulk\route.ts
FN:5,POST
FN:37,(anonymous_2)
FN:43,(anonymous_3)
FNF:3
FNH:0
FNDA:0,POST
FNDA:0,(anonymous_2)
FNDA:0,(anonymous_3)
DA:1,0
DA:2,0
DA:3,0
DA:5,0
DA:6,0
DA:7,0
DA:9,0
DA:10,0
DA:13,0
DA:14,0
DA:16,0
DA:17,0
DA:23,0
DA:25,0
DA:28,0
DA:37,0
DA:39,0
DA:40,0
DA:43,0
DA:53,0
DA:57,0
DA:62,0
DA:65,0
DA:71,0
DA:73,0
DA:74,0
LF:26
LH:0
BRDA:9,0,0,0
BRDA:9,1,0,0
BRDA:9,1,1,0
BRDA:16,2,0,0
BRDA:16,3,0,0
BRDA:16,3,1,0
BRDA:16,3,2,0
BRDA:25,4,0,0
BRDA:25,4,1,0
BRDA:39,5,0,0
BRF:10
BRH:0
end_of_record
TN:
SF:src\app\api\admin\comments\route.ts
FN:5,GET
FN:105,POST
FN:199,PUT
FNF:3
FNH:0
FNDA:0,GET
FNDA:0,POST
FNDA:0,PUT
DA:1,0
DA:2,0
DA:3,0
DA:5,0
DA:6,0
DA:7,0
DA:9,0
DA:10,0
DA:16,0
DA:17,0
DA:18,0
DA:19,0
DA:20,0
DA:21,0
DA:23,0
DA:26,0
DA:41,0
DA:84,0
DA:86,0
DA:97,0
DA:98,0
DA:105,0
DA:106,0
DA:107,0
DA:109,0
DA:110,0
DA:116,0
DA:117,0
DA:119,0
DA:120,0
DA:128,0
DA:130,0
DA:138,0
DA:141,0
DA:149,0
DA:153,0
DA:160,0
DA:163,0
DA:166,0
DA:175,0
DA:178,0
DA:184,0
DA:191,0
DA:192,0
DA:199,0
DA:200,0
DA:201,0
DA:203,0
DA:204,0
DA:210,0
DA:211,0
DA:213,0
DA:214,0
DA:220,0
DA:249,0
DA:251,0
DA:252,0
LF:57
LH:0
BRDA:9,0,0,0
BRDA:9,1,0,0
BRDA:9,1,1,0
BRDA:9,1,2,0
BRDA:17,2,0,0
BRDA:17,2,1,0
BRDA:18,3,0,0
BRDA:18,3,1,0
BRDA:19,4,0,0
BRDA:19,4,1,0
BRDA:20,5,0,0
BRDA:20,5,1,0
BRDA:27,6,0,0
BRDA:27,6,1,0
BRDA:28,7,0,0
BRDA:28,7,1,0
BRDA:28,8,0,0
BRDA:28,8,1,0
BRDA:30,9,0,0
BRDA:30,9,1,0
BRDA:37,10,0,0
BRDA:37,10,1,0
BRDA:109,11,0,0
BRDA:109,12,0,0
BRDA:109,12,1,0
BRDA:109,12,2,0
BRDA:119,13,0,0
BRDA:119,14,0,0
BRDA:119,14,1,0
BRDA:119,14,2,0
BRDA:128,15,0,0
BRDA:128,15,1,0
BRDA:128,15,2,0
BRDA:128,15,3,0
BRDA:128,15,4,0
BRDA:203,16,0,0
BRDA:203,17,0,0
BRDA:203,17,1,0
BRDA:203,17,2,0
BRDA:213,18,0,0
BRDA:223,19,0,0
BRDA:223,19,1,0
BRDA:224,20,0,0
BRDA:224,20,1,0
BRF:44
BRH:0
end_of_record
TN:
SF:src\app\api\admin\dashboard\route.ts
FN:5,GET
FNF:1
FNH:0
FNDA:0,GET
DA:1,0
DA:2,0
DA:3,0
DA:5,0
DA:6,0
DA:7,0
DA:9,0
DA:10,0
DA:25,0
DA:52,0
DA:62,0
DA:64,0
DA:65,0
LF:13
LH:0
BRDA:9,0,0,0
BRDA:9,1,0,0
BRDA:9,1,1,0
BRF:3
BRH:0
end_of_record
TN:
SF:src\app\api\admin\posts\route.ts
FN:5,GET
FNF:1
FNH:0
FNDA:0,GET
DA:1,0
DA:2,0
DA:3,0
DA:5,0
DA:6,0
DA:7,0
DA:9,0
DA:10,0
DA:16,0
DA:17,0
DA:18,0
DA:19,0
DA:20,0
DA:21,0
DA:22,0
DA:23,0
DA:25,0
DA:28,0
DA:31,0
DA:32,0
DA:35,0
DA:36,0
DA:43,0
DA:44,0
DA:47,0
DA:48,0
DA:52,0
DA:86,0
DA:88,0
DA:98,0
DA:99,0
LF:31
LH:0
BRDA:9,0,0,0
BRDA:9,1,0,0
BRDA:9,1,1,0
BRDA:17,2,0,0
BRDA:17,2,1,0
BRDA:18,3,0,0
BRDA:18,3,1,0
BRDA:19,4,0,0
BRDA:19,4,1,0
BRDA:20,5,0,0
BRDA:20,5,1,0
BRDA:21,6,0,0
BRDA:21,6,1,0
BRDA:22,7,0,0
BRDA:22,7,1,0
BRDA:23,8,0,0
BRDA:23,8,1,0
BRDA:31,9,0,0
BRDA:35,10,0,0
BRDA:43,11,0,0
BRDA:47,12,0,0
BRF:21
BRH:0
end_of_record
TN:
SF:src\app\api\admin\posts\[id]\route.ts
FN:5,DELETE
FN:73,GET
FNF:2
FNH:0
FNDA:0,DELETE
FNDA:0,GET
DA:1,0
DA:2,0
DA:3,0
DA:5,0
DA:9,0
DA:10,0
DA:12,0
DA:13,0
DA:20,0
DA:25,0
DA:26,0
DA:32,0
DA:35,0
DA:40,0
DA:41,0
DA:48,0
DA:49,0
DA:56,0
DA:60,0
DA:65,0
DA:66,0
DA:73,0
DA:77,0
DA:78,0
DA:80,0
DA:81,0
DA:87,0
DA:89,0
DA:115,0
DA:116,0
DA:122,0
DA:124,0
DA:125,0
LF:33
LH:0
BRDA:12,0,0,0
BRDA:25,1,0,0
BRDA:25,2,0,0
BRDA:25,2,1,0
BRDA:25,2,2,0
BRDA:40,3,0,0
BRDA:48,4,0,0
BRDA:48,5,0,0
BRDA:48,5,1,0
BRDA:80,6,0,0
BRDA:115,7,0,0
BRF:11
BRH:0
end_of_record
TN:
SF:src\app\api\admin\posts\bulk\route.ts
FN:5,POST
FNF:1
FNH:0
FNDA:0,POST
DA:1,0
DA:2,0
DA:3,0
DA:5,0
DA:6,0
DA:7,0
DA:9,0
DA:10,0
DA:16,0
DA:18,0
DA:19,0
DA:26,0
DA:35,0
DA:36,0
DA:42,0
DA:44,0
DA:46,0
DA:50,0
DA:53,0
DA:57,0
DA:60,0
DA:63,0
DA:66,0
DA:69,0
DA:72,0
DA:75,0
DA:79,0
DA:83,0
DA:90,0
DA:97,0
DA:102,0
DA:109,0
DA:110,0
LF:33
LH:0
BRDA:9,0,0,0
BRDA:9,1,0,0
BRDA:9,1,1,0
BRDA:18,2,0,0
BRDA:18,3,0,0
BRDA:18,3,1,0
BRDA:18,3,2,0
BRDA:30,4,0,0
BRDA:30,4,1,0
BRDA:35,5,0,0
BRDA:44,6,0,0
BRDA:44,6,1,0
BRDA:44,6,2,0
BRDA:44,6,3,0
BRDA:44,6,4,0
BRDA:44,6,5,0
BRDA:44,6,6,0
BRF:17
BRH:0
end_of_record
TN:
SF:src\app\api\admin\roles\route.ts
FN:48,GET
FN:63,(anonymous_5)
FN:71,(anonymous_6)
FN:81,(anonymous_7)
FN:95,POST
FN:176,PUT
FNF:6
FNH:0
FNDA:0,GET
FNDA:0,(anonymous_5)
FNDA:0,(anonymous_6)
FNDA:0,(anonymous_7)
FNDA:0,POST
FNDA:0,PUT
DA:1,0
DA:2,0
DA:3,0
DA:6,0
DA:48,0
DA:49,0
DA:50,0
DA:52,0
DA:53,0
DA:59,0
DA:60,0
DA:63,0
DA:70,0
DA:72,0
DA:75,0
DA:79,0
DA:82,0
DA:83,0
DA:87,0
DA:88,0
DA:95,0
DA:96,0
DA:97,0
DA:99,0
DA:100,0
DA:106,0
DA:107,0
DA:109,0
DA:110,0
DA:117,0
DA:118,0
DA:125,0
DA:126,0
DA:133,0
DA:138,0
DA:139,0
DA:146,0
DA:159,0
DA:161,0
DA:167,0
DA:168,0
DA:176,0
DA:177,0
DA:178,0
DA:180,0
DA:181,0
DA:187,0
DA:188,0
DA:190,0
DA:191,0
DA:198,0
DA:201,0
DA:203,0
DA:205,0
DA:206,0
DA:212,0
DA:217,0
DA:218,0
DA:224,0
DA:228,0
DA:229,0
DA:231,0
DA:238,0
DA:239,0
LF:64
LH:0
BRDA:52,0,0,0
BRDA:52,1,0,0
BRDA:52,1,1,0
BRDA:52,1,2,0
BRDA:66,2,0,0
BRDA:66,2,1,0
BRDA:99,3,0,0
BRDA:99,4,0,0
BRDA:99,4,1,0
BRDA:99,4,2,0
BRDA:109,5,0,0
BRDA:109,6,0,0
BRDA:109,6,1,0
BRDA:117,7,0,0
BRDA:125,8,0,0
BRDA:138,9,0,0
BRDA:159,10,0,0
BRDA:159,10,1,0
BRDA:180,11,0,0
BRDA:180,12,0,0
BRDA:180,12,1,0
BRDA:190,13,0,0
BRDA:198,14,0,0
BRDA:198,14,1,0
BRDA:203,15,0,0
BRDA:205,16,0,0
BRDA:217,17,0,0
BRDA:228,18,0,0
BRDA:228,18,1,0
BRF:29
BRH:0
end_of_record
TN:
SF:src\app\api\admin\users\route.ts
FN:5,GET
FN:98,POST
FNF:2
FNH:0
FNDA:0,GET
FNDA:0,POST
DA:1,0
DA:2,0
DA:3,0
DA:5,0
DA:6,0
DA:7,0
DA:9,0
DA:10,0
DA:17,0
DA:18,0
DA:24,0
DA:25,0
DA:26,0
DA:27,0
DA:28,0
DA:29,0
DA:30,0
DA:32,0
DA:35,0
DA:46,0
DA:47,0
DA:50,0
DA:77,0
DA:79,0
DA:90,0
DA:91,0
DA:98,0
DA:99,0
DA:100,0
DA:102,0
DA:103,0
DA:109,0
DA:110,0
DA:112,0
DA:113,0
DA:120,0
DA:124,0
DA:125,0
DA:131,0
DA:156,0
DA:158,0
DA:159,0
LF:42
LH:0
BRDA:9,0,0,0
BRDA:9,1,0,0
BRDA:9,1,1,0
BRDA:17,2,0,0
BRDA:25,3,0,0
BRDA:25,3,1,0
BRDA:26,4,0,0
BRDA:26,4,1,0
BRDA:27,5,0,0
BRDA:27,5,1,0
BRDA:28,6,0,0
BRDA:28,6,1,0
BRDA:29,7,0,0
BRDA:29,7,1,0
BRDA:30,8,0,0
BRDA:30,8,1,0
BRDA:36,9,0,0
BRDA:36,9,1,0
BRDA:42,10,0,0
BRDA:42,10,1,0
BRDA:102,11,0,0
BRDA:102,12,0,0
BRDA:102,12,1,0
BRDA:102,12,2,0
BRDA:110,13,0,0
BRDA:112,14,0,0
BRDA:112,15,0,0
BRDA:112,15,1,0
BRDA:124,16,0,0
BRF:29
BRH:0
end_of_record
TN:
SF:src\app\api\admin\users\[id]\route.ts
FN:5,GET
FN:68,PUT
FN:141,DELETE
FN:164,(anonymous_7)
FNF:4
FNH:0
FNDA:0,GET
FNDA:0,PUT
FNDA:0,DELETE
FNDA:0,(anonymous_7)
DA:1,0
DA:2,0
DA:3,0
DA:5,0
DA:9,0
DA:10,0
DA:12,0
DA:13,0
DA:20,0
DA:21,0
DA:27,0
DA:51,0
DA:52,0
DA:58,0
DA:60,0
DA:61,0
DA:68,0
DA:72,0
DA:73,0
DA:75,0
DA:76,0
DA:83,0
DA:84,0
DA:90,0
DA:91,0
DA:94,0
DA:101,0
DA:102,0
DA:103,0
DA:106,0
DA:131,0
DA:133,0
DA:134,0
DA:141,0
DA:145,0
DA:146,0
DA:148,0
DA:149,0
DA:156,0
DA:157,0
DA:164,0
DA:166,0
DA:171,0
DA:176,0
DA:182,0
DA:187,0
DA:189,0
DA:190,0
LF:48
LH:0
BRDA:12,0,0,0
BRDA:12,1,0,0
BRDA:12,1,1,0
BRDA:20,2,0,0
BRDA:20,3,0,0
BRDA:20,3,1,0
BRDA:51,4,0,0
BRDA:75,5,0,0
BRDA:75,6,0,0
BRDA:75,6,1,0
BRDA:83,7,0,0
BRDA:83,8,0,0
BRDA:83,8,1,0
BRDA:101,9,0,0
BRDA:102,10,0,0
BRDA:103,11,0,0
BRDA:148,12,0,0
BRDA:148,13,0,0
BRDA:148,13,1,0
BRDA:148,13,2,0
BRDA:156,14,0,0
BRF:21
BRH:0
end_of_record
TN:
SF:src\app\api\ai\adapt\route.ts
FN:24,POST
FN:82,(anonymous_2)
FNF:2
FNH:0
FNDA:0,POST
FNDA:0,(anonymous_2)
DA:1,0
DA:2,0
DA:3,0
DA:4,0
DA:5,0
DA:7,0
DA:24,0
DA:25,0
DA:26,0
DA:28,0
DA:29,0
DA:35,0
DA:44,0
DA:49,0
DA:50,0
DA:64,0
DA:65,0
DA:71,0
DA:82,0
DA:89,0
DA:90,0
DA:109,0
DA:116,0
DA:125,0
DA:130,0
DA:131,0
DA:137,0
DA:138,0
LF:28
LH:0
BRDA:28,0,0,0
BRDA:28,1,0,0
BRDA:28,1,1,0
BRDA:49,2,0,0
BRDA:49,2,1,0
BRDA:64,3,0,0
BRDA:75,4,0,0
BRDA:75,4,1,0
BRDA:76,5,0,0
BRDA:76,5,1,0
BRDA:78,6,0,0
BRDA:78,6,1,0
BRDA:80,7,0,0
BRDA:80,7,1,0
BRDA:83,8,0,0
BRDA:83,8,1,0
BRDA:85,9,0,0
BRDA:85,9,1,0
BRDA:86,10,0,0
BRDA:86,10,1,0
BRDA:87,11,0,0
BRDA:87,11,1,0
BRDA:89,12,0,0
BRDA:89,12,1,0
BRDA:94,13,0,0
BRDA:94,13,1,0
BRDA:97,14,0,0
BRDA:97,14,1,0
BRDA:99,15,0,0
BRDA:99,15,1,0
BRDA:130,16,0,0
BRF:31
BRH:0
end_of_record
TN:
SF:src\app\api\ai\analytics\route.ts
FN:18,POST
FN:51,(anonymous_4)
FN:52,(anonymous_5)
FN:63,(anonymous_6)
FN:65,(anonymous_7)
FN:68,(anonymous_8)
FN:76,(anonymous_9)
FN:121,GET
FN:150,(anonymous_11)
FN:151,(anonymous_12)
FN:152,(anonymous_13)
FN:155,(anonymous_14)
FN:177,getUserContentHistory
FN:222,generatePerformanceInsights
FN:226,(anonymous_17)
FN:227,(anonymous_18)
FN:232,(anonymous_19)
FN:243,(anonymous_20)
FN:244,(anonymous_21)
FN:257,calculateAveragePerformance
FN:260,(anonymous_23)
FN:275,getTopPerformingContent
FN:277,(anonymous_25)
FN:279,(anonymous_26)
FN:289,identifyImprovementAreas
FN:298,(anonymous_28)
FN:306,calculateEngagementRate
FN:307,(anonymous_30)
FN:308,(anonymous_31)
FN:313,calculatePublishingFrequency
FN:316,(anonymous_33)
FN:316,(anonymous_34)
FN:323,(anonymous_35)
FNF:33
FNH:0
FNDA:0,POST
FNDA:0,(anonymous_4)
FNDA:0,(anonymous_5)
FNDA:0,(anonymous_6)
FNDA:0,(anonymous_7)
FNDA:0,(anonymous_8)
FNDA:0,(anonymous_9)
FNDA:0,GET
FNDA:0,(anonymous_11)
FNDA:0,(anonymous_12)
FNDA:0,(anonymous_13)
FNDA:0,(anonymous_14)
FNDA:0,getUserContentHistory
FNDA:0,generatePerformanceInsights
FNDA:0,(anonymous_17)
FNDA:0,(anonymous_18)
FNDA:0,(anonymous_19)
FNDA:0,(anonymous_20)
FNDA:0,(anonymous_21)
FNDA:0,calculateAveragePerformance
FNDA:0,(anonymous_23)
FNDA:0,getTopPerformingContent
FNDA:0,(anonymous_25)
FNDA:0,(anonymous_26)
FNDA:0,identifyImprovementAreas
FNDA:0,(anonymous_28)
FNDA:0,calculateEngagementRate
FNDA:0,(anonymous_30)
FNDA:0,(anonymous_31)
FNDA:0,calculatePublishingFrequency
FNDA:0,(anonymous_33)
FNDA:0,(anonymous_34)
FNDA:0,(anonymous_35)
DA:1,0
DA:2,0
DA:3,0
DA:4,0
DA:5,0
DA:6,0
DA:8,0
DA:18,0
DA:19,0
DA:20,0
DA:22,0
DA:23,0
DA:29,0
DA:38,0
DA:41,0
DA:44,0
DA:47,0
DA:51,0
DA:52,0
DA:58,0
DA:61,0
DA:62,0
DA:63,0
DA:64,0
DA:66,0
DA:69,0
DA:70,0
DA:71,0
DA:73,0
DA:77,0
DA:82,0
DA:105,0
DA:106,0
DA:112,0
DA:113,0
DA:121,0
DA:122,0
DA:123,0
DA:125,0
DA:126,0
DA:133,0
DA:148,0
DA:150,0
DA:151,0
DA:152,0
DA:156,0
DA:160,0
DA:169,0
DA:170,0
DA:178,0
DA:185,0
DA:186,0
DA:187,0
DA:189,0
DA:223,0
DA:226,0
DA:227,0
DA:228,0
DA:229,0
DA:232,0
DA:233,0
DA:236,0
DA:243,0
DA:244,0
DA:246,0
DA:247,0
DA:254,0
DA:258,0
DA:260,0
DA:266,0
DA:267,0
DA:276,0
DA:277,0
DA:279,0
DA:290,0
DA:292,0
DA:293,0
DA:294,0
DA:297,0
DA:298,0
DA:299,0
DA:300,0
DA:303,0
DA:307,0
DA:308,0
DA:310,0
DA:314,0
DA:316,0
DA:317,0
DA:319,0
DA:320,0
DA:323,0
DA:324,0
DA:326,0
DA:327,0
DA:328,0
DA:329,0
DA:330,0
LF:98
LH:0
BRDA:22,0,0,0
BRDA:22,1,0,0
BRDA:22,1,1,0
BRDA:51,2,0,0
BRDA:51,2,1,0
BRDA:52,3,0,0
BRDA:52,3,1,0
BRDA:62,4,0,0
BRDA:62,5,0,0
BRDA:62,5,1,0
BRDA:63,6,0,0
BRDA:63,6,1,0
BRDA:70,7,0,0
BRDA:85,8,0,0
BRDA:85,8,1,0
BRDA:87,9,0,0
BRDA:87,9,1,0
BRDA:92,10,0,0
BRDA:92,10,1,0
BRDA:105,11,0,0
BRDA:125,12,0,0
BRDA:125,13,0,0
BRDA:125,13,1,0
BRDA:150,14,0,0
BRDA:150,14,1,0
BRDA:151,15,0,0
BRDA:151,15,1,0
BRDA:152,16,0,0
BRDA:152,16,1,0
BRDA:156,17,0,0
BRDA:156,17,1,0
BRDA:156,18,0,0
BRDA:156,18,1,0
BRDA:156,19,0,0
BRDA:156,19,1,0
BRDA:185,20,0,0
BRDA:185,20,1,0
BRDA:228,21,0,0
BRDA:228,21,1,0
BRDA:233,22,0,0
BRDA:233,22,1,0
BRDA:243,23,0,0
BRDA:243,23,1,0
BRDA:244,24,0,0
BRDA:244,24,1,0
BRDA:246,25,0,0
BRDA:258,26,0,0
BRDA:261,27,0,0
BRDA:261,27,1,0
BRDA:262,28,0,0
BRDA:262,28,1,0
BRDA:263,29,0,0
BRDA:263,29,1,0
BRDA:271,30,0,0
BRDA:271,30,1,0
BRDA:277,31,0,0
BRDA:277,31,1,0
BRDA:277,32,0,0
BRDA:277,32,1,0
BRDA:282,33,0,0
BRDA:282,33,1,0
BRDA:283,34,0,0
BRDA:283,34,1,0
BRDA:284,35,0,0
BRDA:284,35,1,0
BRDA:293,36,0,0
BRDA:298,37,0,0
BRDA:298,37,1,0
BRDA:299,38,0,0
BRDA:307,39,0,0
BRDA:307,39,1,0
BRDA:308,40,0,0
BRDA:308,40,1,0
BRDA:308,41,0,0
BRDA:308,41,1,0
BRDA:310,42,0,0
BRDA:310,42,1,0
BRDA:314,43,0,0
BRDA:326,44,0,0
BRDA:327,45,0,0
BRDA:328,46,0,0
BRDA:329,47,0,0
BRF:82
BRH:0
end_of_record
TN:
SF:src\app\api\ai\analyze\route.ts
FN:11,POST
FN:69,GET
FN:82,(anonymous_5)
FNF:3
FNH:0
FNDA:0,POST
FNDA:0,GET
FNDA:0,(anonymous_5)
DA:6,0
DA:7,0
DA:8,0
DA:9,0
DA:11,0
DA:12,0
DA:14,0
DA:15,0
DA:16,0
DA:20,0
DA:21,0
DA:24,0
DA:25,0
DA:31,0
DA:32,0
DA:39,0
DA:42,0
DA:44,0
DA:49,0
DA:51,0
DA:52,0
DA:62,0
DA:69,0
DA:70,0
DA:72,0
DA:73,0
DA:74,0
DA:78,0
DA:81,0
DA:82,0
DA:83,0
DA:84,0
DA:87,0
DA:104,0
DA:106,0
LF:35
LH:0
BRDA:15,0,0,0
BRDA:24,1,0,0
BRDA:24,2,0,0
BRDA:24,2,1,0
BRDA:31,3,0,0
BRDA:51,4,0,0
BRDA:58,5,0,0
BRDA:58,5,1,0
BRDA:73,6,0,0
BRF:9
BRH:0
end_of_record
TN:
SF:src\app\api\ai\assist\route.ts
FN:11,POST
FNF:1
FNH:0
FNDA:0,POST
DA:6,0
DA:7,0
DA:8,0
DA:9,0
DA:11,0
DA:12,0
DA:14,0
DA:15,0
DA:16,0
DA:20,0
DA:29,0
DA:32,0
DA:33,0
DA:39,0
DA:40,0
DA:41,0
DA:48,0
DA:51,0
DA:60,0
DA:65,0
DA:67,0
DA:68,0
DA:78,0
LF:23
LH:0
BRDA:15,0,0,0
BRDA:32,1,0,0
BRDA:32,2,0,0
BRDA:32,2,1,0
BRDA:40,3,0,0
BRDA:67,4,0,0
BRDA:74,5,0,0
BRDA:74,5,1,0
BRF:8
BRH:0
end_of_record
TN:
SF:src\app\api\ai\content-ideas\route.ts
FN:18,POST
FN:79,(anonymous_4)
FN:136,GET
FN:194,buildContentIdeasPrompt
FN:227,parseContentIdeas
FN:241,(anonymous_8)
FN:259,calculateEngagementScore
FN:286,assessContentDifficulty
FN:300,suggestOptimalPlatforms
FN:310,(anonymous_12)
FN:313,getContentTemplates
FNF:11
FNH:0
FNDA:0,POST
FNDA:0,(anonymous_4)
FNDA:0,GET
FNDA:0,buildContentIdeasPrompt
FNDA:0,parseContentIdeas
FNDA:0,(anonymous_8)
FNDA:0,calculateEngagementScore
FNDA:0,assessContentDifficulty
FNDA:0,suggestOptimalPlatforms
FNDA:0,(anonymous_12)
FNDA:0,getContentTemplates
DA:1,0
DA:2,0
DA:3,0
DA:4,0
DA:6,0
DA:18,0
DA:19,0
DA:20,0
DA:22,0
DA:23,0
DA:29,0
DA:40,0
DA:42,0
DA:45,0
DA:56,0
DA:65,0
DA:66,0
DA:67,0
DA:68,0
DA:70,0
DA:75,0
DA:78,0
DA:80,0
DA:82,0
DA:84,0
DA:92,0
DA:103,0
DA:121,0
DA:122,0
DA:128,0
DA:129,0
DA:136,0
DA:137,0
DA:138,0
DA:140,0
DA:141,0
DA:147,0
DA:148,0
DA:150,0
DA:151,0
DA:152,0
DA:154,0
DA:155,0
DA:157,0
DA:168,0
DA:169,0
DA:170,0
DA:172,0
DA:181,0
DA:186,0
DA:187,0
DA:195,0
DA:228,0
DA:230,0
DA:232,0
DA:233,0
DA:234,0
DA:236,0
DA:238,0
DA:241,0
DA:254,0
DA:255,0
DA:261,0
DA:264,0
DA:265,0
DA:268,0
DA:271,0
DA:274,0
DA:275,0
DA:276,0
DA:279,0
DA:281,0
DA:282,0
DA:283,0
DA:288,0
DA:290,0
DA:291,0
DA:292,0
DA:293,0
DA:295,0
DA:296,0
DA:297,0
DA:301,0
DA:309,0
DA:310,0
DA:314,0
DA:336,0
LF:87
LH:0
BRDA:22,0,0,0
BRDA:22,1,0,0
BRDA:22,1,1,0
BRDA:66,2,0,0
BRDA:82,3,0,0
BRDA:82,3,1,0
BRDA:86,4,0,0
BRDA:86,4,1,0
BRDA:121,5,0,0
BRDA:140,6,0,0
BRDA:140,7,0,0
BRDA:140,7,1,0
BRDA:150,8,0,0
BRDA:151,9,0,0
BRDA:151,9,1,0
BRDA:168,10,0,0
BRDA:169,11,0,0
BRDA:169,11,1,0
BRDA:198,12,0,0
BRDA:198,12,1,0
BRDA:199,13,0,0
BRDA:199,13,1,0
BRDA:210,14,0,0
BRDA:210,14,1,0
BRDA:221,15,0,0
BRDA:221,15,1,0
BRDA:232,16,0,0
BRDA:232,16,1,0
BRDA:234,17,0,0
BRDA:234,17,1,0
BRDA:236,18,0,0
BRDA:236,18,1,0
BRDA:238,19,0,0
BRDA:238,19,1,0
BRDA:243,20,0,0
BRDA:243,20,1,0
BRDA:244,21,0,0
BRDA:244,21,1,0
BRDA:245,22,0,0
BRDA:245,22,1,0
BRDA:246,23,0,0
BRDA:246,23,1,0
BRDA:247,24,0,0
BRDA:247,24,1,0
BRDA:248,25,0,0
BRDA:248,25,1,0
BRDA:249,26,0,0
BRDA:249,26,1,0
BRDA:249,27,0,0
BRDA:249,27,1,0
BRDA:250,28,0,0
BRDA:250,28,1,0
BRDA:265,29,0,0
BRDA:265,30,0,0
BRDA:265,30,1,0
BRDA:268,31,0,0
BRDA:268,32,0,0
BRDA:268,32,1,0
BRDA:271,33,0,0
BRDA:271,34,0,0
BRDA:271,34,1,0
BRDA:274,35,0,0
BRDA:274,36,0,0
BRDA:274,36,1,0
BRDA:275,37,0,0
BRDA:275,38,0,0
BRDA:275,38,1,0
BRDA:276,39,0,0
BRDA:276,40,0,0
BRDA:276,40,1,0
BRDA:279,41,0,0
BRDA:281,42,0,0
BRDA:282,43,0,0
BRDA:290,44,0,0
BRDA:291,45,0,0
BRDA:292,46,0,0
BRDA:293,47,0,0
BRDA:293,48,0,0
BRDA:293,48,1,0
BRDA:295,49,0,0
BRDA:296,50,0,0
BRDA:309,51,0,0
BRDA:309,51,1,0
BRDA:310,52,0,0
BRDA:310,52,1,0
BRDA:336,53,0,0
BRDA:336,53,1,0
BRF:87
BRH:0
end_of_record
TN:
SF:src\app\api\ai\generate\route.ts
FN:18,POST
FN:51,(anonymous_4)
FN:88,GET
FNF:3
FNH:0
FNDA:0,POST
FNDA:0,(anonymous_4)
FNDA:0,GET
DA:1,0
DA:2,0
DA:3,0
DA:4,0
DA:6,0
DA:18,0
DA:19,0
DA:20,0
DA:22,0
DA:23,0
DA:29,0
DA:30,0
DA:33,0
DA:36,0
DA:37,0
DA:38,0
DA:39,0
DA:44,0
DA:49,0
DA:51,0
DA:54,0
DA:72,0
DA:73,0
DA:79,0
DA:80,0
DA:88,0
DA:89,0
DA:90,0
DA:92,0
DA:93,0
DA:99,0
DA:100,0
DA:101,0
DA:104,0
DA:105,0
DA:118,0
DA:119,0
DA:120,0
DA:137,0
DA:147,0
DA:148,0
LF:41
LH:0
BRDA:22,0,0,0
BRDA:22,1,0,0
BRDA:22,1,1,0
BRDA:37,2,0,0
BRDA:37,3,0,0
BRDA:37,3,1,0
BRDA:72,4,0,0
BRDA:92,5,0,0
BRDA:92,6,0,0
BRDA:92,6,1,0
BRDA:100,7,0,0
BRDA:100,7,1,0
BRDA:101,8,0,0
BRDA:101,8,1,0
BRF:14
BRH:0
end_of_record
TN:
SF:src\app\api\ai\optimize\route.ts
FN:18,POST
FN:135,generateRecommendations
FN:164,(anonymous_3)
FN:166,(anonymous_4)
FNF:4
FNH:0
FNDA:0,POST
FNDA:0,generateRecommendations
FNDA:0,(anonymous_3)
FNDA:0,(anonymous_4)
DA:1,0
DA:2,0
DA:3,0
DA:4,0
DA:6,0
DA:18,0
DA:19,0
DA:20,0
DA:22,0
DA:23,0
DA:29,0
DA:40,0
DA:43,0
DA:52,0
DA:55,0
DA:56,0
DA:57,0
DA:58,0
DA:60,0
DA:61,0
DA:66,0
DA:67,0
DA:68,0
DA:69,0
DA:74,0
DA:76,0
DA:81,0
DA:82,0
DA:83,0
DA:85,0
DA:88,0
DA:120,0
DA:121,0
DA:127,0
DA:128,0
DA:136,0
DA:139,0
DA:140,0
DA:143,0
DA:144,0
DA:148,0
DA:149,0
DA:153,0
DA:154,0
DA:157,0
DA:158,0
DA:162,0
DA:163,0
DA:164,0
DA:166,0
DA:167,0
DA:170,0
LF:52
LH:0
BRDA:22,0,0,0
BRDA:22,1,0,0
BRDA:22,1,1,0
BRDA:56,2,0,0
BRDA:67,3,0,0
BRDA:67,4,0,0
BRDA:67,4,1,0
BRDA:120,5,0,0
BRDA:139,6,0,0
BRDA:143,7,0,0
BRDA:148,8,0,0
BRDA:153,9,0,0
BRDA:157,10,0,0
BRDA:162,11,0,0
BRF:14
BRH:0
end_of_record
TN:
SF:src\app\api\ai\seo\route.ts
FN:11,POST
FNF:1
FNH:0
FNDA:0,POST
DA:6,0
DA:7,0
DA:8,0
DA:9,0
DA:11,0
DA:12,0
DA:14,0
DA:15,0
DA:16,0
DA:20,0
DA:21,0
DA:24,0
DA:25,0
DA:32,0
DA:35,0
DA:37,0
DA:42,0
DA:44,0
DA:45,0
DA:55,0
LF:20
LH:0
BRDA:15,0,0,0
BRDA:24,1,0,0
BRDA:24,2,0,0
BRDA:24,2,1,0
BRDA:44,3,0,0
BRDA:51,4,0,0
BRDA:51,4,1,0
BRF:7
BRH:0
end_of_record
TN:
SF:src\app\api\ai\trends\route.ts
FN:13,POST
FN:31,(anonymous_4)
FN:48,(anonymous_5)
FN:49,(anonymous_6)
FN:77,GET
FN:113,generateTrendInsights
FN:131,generateTrendRecommendations
FN:148,generateCompetitorOpportunities
FN:157,generateCrossTopicInsights
FN:158,(anonymous_12)
FN:159,(anonymous_13)
FN:160,(anonymous_14)
FN:171,generateContentStrategy
FN:174,(anonymous_16)
FN:179,(anonymous_17)
FN:190,generateTrendingTopics
FN:209,(anonymous_19)
FNF:17
FNH:0
FNDA:0,POST
FNDA:0,(anonymous_4)
FNDA:0,(anonymous_5)
FNDA:0,(anonymous_6)
FNDA:0,GET
FNDA:0,generateTrendInsights
FNDA:0,generateTrendRecommendations
FNDA:0,generateCompetitorOpportunities
FNDA:0,generateCrossTopicInsights
FNDA:0,(anonymous_12)
FNDA:0,(anonymous_13)
FNDA:0,(anonymous_14)
FNDA:0,generateContentStrategy
FNDA:0,(anonymous_16)
FNDA:0,(anonymous_17)
FNDA:0,generateTrendingTopics
FNDA:0,(anonymous_19)
DA:1,0
DA:2,0
DA:3,0
DA:4,0
DA:6,0
DA:13,0
DA:14,0
DA:15,0
DA:17,0
DA:18,0
DA:24,0
DA:25,0
DA:28,0
DA:31,0
DA:39,0
DA:41,0
DA:48,0
DA:49,0
DA:61,0
DA:62,0
DA:68,0
DA:69,0
DA:77,0
DA:78,0
DA:79,0
DA:81,0
DA:82,0
DA:88,0
DA:89,0
DA:90,0
DA:93,0
DA:95,0
DA:105,0
DA:106,0
DA:114,0
DA:116,0
DA:117,0
DA:120,0
DA:121,0
DA:124,0
DA:125,0
DA:128,0
DA:132,0
DA:134,0
DA:135,0
DA:138,0
DA:139,0
DA:142,0
DA:143,0
DA:145,0
DA:149,0
DA:158,0
DA:159,0
DA:160,0
DA:162,0
DA:172,0
DA:174,0
DA:175,0
DA:176,0
DA:179,0
DA:180,0
DA:181,0
DA:184,0
DA:185,0
DA:187,0
DA:191,0
DA:209,0
LF:67
LH:0
BRDA:17,0,0,0
BRDA:17,1,0,0
BRDA:17,1,1,0
BRDA:49,2,0,0
BRDA:49,2,1,0
BRDA:61,3,0,0
BRDA:81,4,0,0
BRDA:81,5,0,0
BRDA:81,5,1,0
BRDA:89,6,0,0
BRDA:89,6,1,0
BRDA:90,7,0,0
BRDA:90,7,1,0
BRDA:116,8,0,0
BRDA:120,9,0,0
BRDA:124,10,0,0
BRDA:134,11,0,0
BRDA:138,12,0,0
BRDA:166,13,0,0
BRDA:166,13,1,0
BRDA:175,14,0,0
BRDA:180,15,0,0
BRF:22
BRH:0
end_of_record
TN:
SF:src\app\api\ai\variations\route.ts
FN:4,POST
FNF:1
FNH:0
FNDA:0,POST
DA:1,0
DA:2,0
DA:4,0
DA:5,0
DA:6,0
DA:8,0
DA:9,0
DA:15,0
DA:17,0
DA:19,0
DA:20,0
LF:11
LH:0
BRDA:6,0,0,0
BRDA:8,1,0,0
BRF:2
BRH:0
end_of_record
TN:
SF:src\app\api\analytics\route.ts
FN:4,GET
FN:45,POST
FNF:2
FNH:0
FNDA:0,GET
FNDA:0,POST
DA:1,0
DA:2,0
DA:4,0
DA:5,0
DA:6,0
DA:9,0
DA:10,0
DA:11,0
DA:12,0
DA:13,0
DA:16,0
DA:27,0
DA:29,0
DA:34,0
DA:35,0
DA:45,0
DA:46,0
DA:47,0
DA:48,0
DA:50,0
DA:51,0
DA:58,0
DA:68,0
DA:73,0
DA:74,0
LF:25
LH:0
BRDA:18,0,0,0
BRDA:18,0,1,0
BRDA:19,1,0,0
BRDA:19,1,1,0
BRDA:50,2,0,0
BRDA:62,3,0,0
BRDA:62,3,1,0
BRDA:63,4,0,0
BRDA:63,4,1,0
BRF:9
BRH:0
end_of_record
TN:
SF:src\app\api\analytics\content\route.ts
FN:10,GET
FNF:1
FNH:0
FNDA:0,GET
DA:6,0
DA:7,0
DA:8,0
DA:10,0
DA:11,0
DA:13,0
DA:14,0
DA:15,0
DA:19,0
DA:20,0
DA:21,0
DA:22,0
DA:23,0
DA:24,0
DA:25,0
DA:27,0
DA:37,0
DA:40,0
DA:42,0
DA:47,0
DA:48,0
LF:21
LH:0
BRDA:14,0,0,0
BRDA:20,1,0,0
BRDA:20,1,1,0
BRDA:21,2,0,0
BRDA:21,2,1,0
BRDA:22,3,0,0
BRDA:22,3,1,0
BRDA:23,4,0,0
BRDA:23,4,1,0
BRDA:24,5,0,0
BRDA:24,5,1,0
BRDA:25,6,0,0
BRDA:25,6,1,0
BRF:13
BRH:0
end_of_record
TN:
SF:src\app\api\analytics\cross-platform\route.ts
FN:5,GET
FN:188,(anonymous_2)
FN:217,(anonymous_3)
FN:235,(anonymous_4)
FN:240,(anonymous_5)
FN:246,(anonymous_6)
FN:263,(anonymous_7)
FN:265,(anonymous_8)
FN:279,generateCrossPlatformTimeSeries
FN:306,(anonymous_10)
FN:316,calculateCrossPlatformMetrics
FN:329,(anonymous_12)
FN:330,(anonymous_13)
FN:331,(anonymous_14)
FN:334,(anonymous_15)
FN:336,(anonymous_16)
FNF:16
FNH:0
FNDA:0,GET
FNDA:0,(anonymous_2)
FNDA:0,(anonymous_3)
FNDA:0,(anonymous_4)
FNDA:0,(anonymous_5)
FNDA:0,(anonymous_6)
FNDA:0,(anonymous_7)
FNDA:0,(anonymous_8)
FNDA:0,generateCrossPlatformTimeSeries
FNDA:0,(anonymous_10)
FNDA:0,calculateCrossPlatformMetrics
FNDA:0,(anonymous_12)
FNDA:0,(anonymous_13)
FNDA:0,(anonymous_14)
FNDA:0,(anonymous_15)
FNDA:0,(anonymous_16)
DA:1,0
DA:2,0
DA:3,0
DA:5,0
DA:6,0
DA:7,0
DA:9,0
DA:10,0
DA:16,0
DA:17,0
DA:18,0
DA:21,0
DA:22,0
DA:24,0
DA:26,0
DA:27,0
DA:29,0
DA:30,0
DA:32,0
DA:33,0
DA:35,0
DA:36,0
DA:38,0
DA:39,0
DA:41,0
DA:52,0
DA:188,0
DA:189,0
DA:190,0
DA:191,0
DA:202,0
DA:203,0
DA:204,0
DA:205,0
DA:206,0
DA:213,0
DA:217,0
DA:218,0
DA:219,0
DA:225,0
DA:228,0
DA:230,0
DA:235,0
DA:240,0
DA:246,0
DA:263,0
DA:265,0
DA:271,0
DA:272,0
DA:281,0
DA:282,0
DA:284,0
DA:285,0
DA:286,0
DA:287,0
DA:288,0
DA:291,0
DA:305,0
DA:306,0
DA:307,0
DA:310,0
DA:313,0
DA:317,0
DA:319,0
DA:320,0
DA:329,0
DA:330,0
DA:331,0
DA:334,0
DA:335,0
DA:336,0
DA:340,0
DA:344,0
LF:73
LH:0
BRDA:9,0,0,0
BRDA:9,1,0,0
BRDA:9,1,1,0
BRDA:9,1,2,0
BRDA:17,2,0,0
BRDA:17,2,1,0
BRDA:24,3,0,0
BRDA:24,3,1,0
BRDA:24,3,2,0
BRDA:24,3,3,0
BRDA:24,3,4,0
BRDA:24,3,5,0
BRDA:61,4,0,0
BRDA:61,4,1,0
BRDA:76,5,0,0
BRDA:76,5,1,0
BRDA:91,6,0,0
BRDA:91,6,1,0
BRDA:108,7,0,0
BRDA:108,7,1,0
BRDA:140,8,0,0
BRDA:140,8,1,0
BRDA:181,9,0,0
BRDA:181,9,1,0
BRDA:190,10,0,0
BRDA:203,11,0,0
BRDA:203,11,1,0
BRDA:204,12,0,0
BRDA:204,12,1,0
BRDA:205,13,0,0
BRDA:205,13,1,0
BRDA:208,14,0,0
BRDA:208,14,1,0
BRDA:209,15,0,0
BRDA:209,15,1,0
BRDA:210,16,0,0
BRDA:210,16,1,0
BRDA:219,17,0,0
BRDA:219,17,1,0
BRDA:243,18,0,0
BRDA:243,18,1,0
BRDA:252,19,0,0
BRDA:252,19,1,0
BRDA:258,20,0,0
BRDA:258,20,1,0
BRDA:262,21,0,0
BRDA:262,21,1,0
BRDA:298,22,0,0
BRDA:298,22,1,0
BRDA:319,23,0,0
BRDA:335,24,0,0
BRDA:335,24,1,0
BRDA:340,25,0,0
BRDA:340,25,1,0
BRDA:347,26,0,0
BRDA:347,26,1,0
BRF:56
BRH:0
end_of_record
TN:
SF:src\app\api\analytics\export\route.ts
FN:5,GET
FN:187,(anonymous_4)
FN:195,(anonymous_5)
FN:207,(anonymous_6)
FN:228,(anonymous_7)
FN:234,(anonymous_8)
FN:236,(anonymous_9)
FN:245,(anonymous_10)
FN:254,(anonymous_11)
FN:261,(anonymous_12)
FN:293,exportAsCSV
FN:300,(anonymous_14)
FN:314,(anonymous_15)
FN:325,exportAsExcel
FN:335,POST
FN:383,generateCustomReport
FN:417,generateContentPerformanceReport
FN:428,generateAudienceInsightsReport
FN:439,generatePlatformComparisonReport
FN:450,generateOverviewReport
FNF:20
FNH:0
FNDA:0,GET
FNDA:0,(anonymous_4)
FNDA:0,(anonymous_5)
FNDA:0,(anonymous_6)
FNDA:0,(anonymous_7)
FNDA:0,(anonymous_8)
FNDA:0,(anonymous_9)
FNDA:0,(anonymous_10)
FNDA:0,(anonymous_11)
FNDA:0,(anonymous_12)
FNDA:0,exportAsCSV
FNDA:0,(anonymous_14)
FNDA:0,(anonymous_15)
FNDA:0,exportAsExcel
FNDA:0,POST
FNDA:0,generateCustomReport
FNDA:0,generateContentPerformanceReport
FNDA:0,generateAudienceInsightsReport
FNDA:0,generatePlatformComparisonReport
FNDA:0,generateOverviewReport
DA:1,0
DA:2,0
DA:3,0
DA:5,0
DA:6,0
DA:7,0
DA:9,0
DA:10,0
DA:16,0
DA:17,0
DA:18,0
DA:19,0
DA:22,0
DA:23,0
DA:25,0
DA:27,0
DA:28,0
DA:30,0
DA:31,0
DA:33,0
DA:34,0
DA:36,0
DA:37,0
DA:39,0
DA:50,0
DA:158,0
DA:187,0
DA:195,0
DA:208,0
DA:209,0
DA:217,0
DA:218,0
DA:219,0
DA:226,0
DA:229,0
DA:230,0
DA:231,0
DA:234,0
DA:236,0
DA:245,0
DA:254,0
DA:261,0
DA:273,0
DA:274,0
DA:275,0
DA:276,0
DA:279,0
DA:285,0
DA:286,0
DA:295,0
DA:300,0
DA:312,0
DA:314,0
DA:317,0
DA:328,0
DA:335,0
DA:336,0
DA:337,0
DA:339,0
DA:340,0
DA:346,0
DA:353,0
DA:356,0
DA:364,0
DA:366,0
DA:369,0
DA:375,0
DA:376,0
DA:384,0
DA:387,0
DA:388,0
DA:390,0
DA:392,0
DA:393,0
DA:395,0
DA:396,0
DA:398,0
DA:399,0
DA:401,0
DA:405,0
DA:407,0
DA:409,0
DA:411,0
DA:413,0
DA:419,0
DA:430,0
DA:441,0
DA:452,0
LF:88
LH:0
BRDA:9,0,0,0
BRDA:9,1,0,0
BRDA:9,1,1,0
BRDA:9,1,2,0
BRDA:17,2,0,0
BRDA:17,2,1,0
BRDA:18,3,0,0
BRDA:18,3,1,0
BRDA:25,4,0,0
BRDA:25,4,1,0
BRDA:25,4,2,0
BRDA:25,4,3,0
BRDA:25,4,4,0
BRDA:182,5,0,0
BRDA:182,5,1,0
BRDA:183,6,0,0
BRDA:183,6,1,0
BRDA:184,7,0,0
BRDA:184,7,1,0
BRDA:185,8,0,0
BRDA:185,8,1,0
BRDA:200,9,0,0
BRDA:200,9,1,0
BRDA:201,10,0,0
BRDA:201,10,1,0
BRDA:208,11,0,0
BRDA:218,12,0,0
BRDA:218,12,1,0
BRDA:224,13,0,0
BRDA:224,13,1,0
BRDA:229,14,0,0
BRDA:229,14,1,0
BRDA:230,15,0,0
BRDA:230,15,1,0
BRDA:234,16,0,0
BRDA:234,16,1,0
BRDA:234,17,0,0
BRDA:234,17,1,0
BRDA:239,18,0,0
BRDA:239,18,1,0
BRDA:244,19,0,0
BRDA:244,19,1,0
BRDA:273,20,0,0
BRDA:273,20,1,0
BRDA:275,21,0,0
BRDA:275,21,1,0
BRDA:304,22,0,0
BRDA:304,22,1,0
BRDA:306,23,0,0
BRDA:306,23,1,0
BRDA:339,24,0,0
BRDA:339,25,0,0
BRDA:339,25,1,0
BRDA:339,25,2,0
BRDA:364,26,0,0
BRDA:372,27,0,0
BRDA:372,27,1,0
BRDA:390,28,0,0
BRDA:390,28,1,0
BRDA:390,28,2,0
BRDA:390,28,3,0
BRDA:405,29,0,0
BRDA:405,29,1,0
BRDA:405,29,2,0
BRDA:405,29,3,0
BRF:65
BRH:0
end_of_record
TN:
SF:src\app\api\analytics\insights\route.ts
FN:6,GET
FN:113,analyzeContentPerformance
FN:140,(anonymous_3)
FN:153,(anonymous_4)
FN:154,(anonymous_5)
FN:155,(anonymous_6)
FN:159,(anonymous_7)
FN:161,(anonymous_8)
FN:182,analyzeAudienceInsights
FN:194,(anonymous_10)
FN:199,(anonymous_11)
FN:206,(anonymous_12)
FN:207,(anonymous_13)
FN:222,analyzeEngagementPatterns
FN:263,(anonymous_15)
FN:264,(anonymous_16)
FN:265,(anonymous_17)
FN:270,(anonymous_18)
FN:288,(anonymous_19)
FN:294,analyzeGrowthMetrics
FN:329,analyzePlatformEffectiveness
FN:352,(anonymous_22)
FN:364,(anonymous_23)
FN:375,analyzeContentTrends
FN:377,(anonymous_25)
FN:388,(anonymous_26)
FN:395,generateAIInsights
FN:424,generateRecommendations
FN:463,generateInsightsSummary
FN:467,(anonymous_30)
FN:470,(anonymous_31)
FNF:31
FNH:0
FNDA:0,GET
FNDA:0,analyzeContentPerformance
FNDA:0,(anonymous_3)
FNDA:0,(anonymous_4)
FNDA:0,(anonymous_5)
FNDA:0,(anonymous_6)
FNDA:0,(anonymous_7)
FNDA:0,(anonymous_8)
FNDA:0,analyzeAudienceInsights
FNDA:0,(anonymous_10)
FNDA:0,(anonymous_11)
FNDA:0,(anonymous_12)
FNDA:0,(anonymous_13)
FNDA:0,analyzeEngagementPatterns
FNDA:0,(anonymous_15)
FNDA:0,(anonymous_16)
FNDA:0,(anonymous_17)
FNDA:0,(anonymous_18)
FNDA:0,(anonymous_19)
FNDA:0,analyzeGrowthMetrics
FNDA:0,analyzePlatformEffectiveness
FNDA:0,(anonymous_22)
FNDA:0,(anonymous_23)
FNDA:0,analyzeContentTrends
FNDA:0,(anonymous_25)
FNDA:0,(anonymous_26)
FNDA:0,generateAIInsights
FNDA:0,generateRecommendations
FNDA:0,generateInsightsSummary
FNDA:0,(anonymous_30)
FNDA:0,(anonymous_31)
DA:1,0
DA:2,0
DA:3,0
DA:4,0
DA:6,0
DA:7,0
DA:8,0
DA:10,0
DA:11,0
DA:17,0
DA:18,0
DA:19,0
DA:22,0
DA:23,0
DA:25,0
DA:27,0
DA:28,0
DA:30,0
DA:31,0
DA:33,0
DA:34,0
DA:36,0
DA:37,0
DA:39,0
DA:49,0
DA:58,0
DA:59,0
DA:60,0
DA:61,0
DA:62,0
DA:67,0
DA:72,0
DA:80,0
DA:105,0
DA:106,0
DA:114,0
DA:140,0
DA:141,0
DA:142,0
DA:143,0
DA:145,0
DA:146,0
DA:147,0
DA:148,0
DA:149,0
DA:153,0
DA:154,0
DA:155,0
DA:158,0
DA:159,0
DA:161,0
DA:171,0
DA:184,0
DA:194,0
DA:195,0
DA:196,0
DA:199,0
DA:200,0
DA:201,0
DA:202,0
DA:206,0
DA:207,0
DA:208,0
DA:211,0
DA:223,0
DA:263,0
DA:264,0
DA:265,0
DA:266,0
DA:270,0
DA:271,0
DA:272,0
DA:273,0
DA:275,0
DA:276,0
DA:278,0
DA:280,0
DA:283,0
DA:289,0
DA:296,0
DA:297,0
DA:299,0
DA:318,0
DA:322,0
DA:330,0
DA:352,0
DA:353,0
DA:354,0
DA:356,0
DA:357,0
DA:358,0
DA:359,0
DA:360,0
DA:364,0
DA:365,0
DA:366,0
DA:367,0
DA:372,0
DA:377,0
DA:378,0
DA:379,0
DA:380,0
DA:381,0
DA:383,0
DA:384,0
DA:385,0
DA:388,0
DA:389,0
DA:392,0
DA:396,0
DA:397,0
DA:411,0
DA:417,0
DA:419,0
DA:420,0
DA:425,0
DA:428,0
DA:429,0
DA:438,0
DA:441,0
DA:442,0
DA:451,0
DA:452,0
DA:460,0
DA:464,0
DA:467,0
DA:470,0
LF:127
LH:0
BRDA:10,0,0,0
BRDA:10,1,0,0
BRDA:10,1,1,0
BRDA:10,1,2,0
BRDA:18,2,0,0
BRDA:18,2,1,0
BRDA:25,3,0,0
BRDA:25,3,1,0
BRDA:25,3,2,0
BRDA:25,3,3,0
BRDA:25,3,4,0
BRDA:59,4,0,0
BRDA:141,5,0,0
BRDA:141,5,1,0
BRDA:142,6,0,0
BRDA:146,7,0,0
BRDA:146,7,1,0
BRDA:153,8,0,0
BRDA:153,8,1,0
BRDA:159,9,0,0
BRDA:159,9,1,0
BRDA:159,10,0,0
BRDA:159,10,1,0
BRDA:164,11,0,0
BRDA:164,11,1,0
BRDA:200,12,0,0
BRDA:200,12,1,0
BRDA:201,13,0,0
BRDA:201,13,1,0
BRDA:271,14,0,0
BRDA:271,14,1,0
BRDA:272,15,0,0
BRDA:275,16,0,0
BRDA:275,16,1,0
BRDA:275,17,0,0
BRDA:275,17,1,0
BRDA:289,18,0,0
BRDA:289,18,1,0
BRDA:318,19,0,0
BRDA:318,19,1,0
BRDA:325,20,0,0
BRDA:325,20,1,0
BRDA:325,21,0,0
BRDA:325,21,1,0
BRDA:353,22,0,0
BRDA:357,23,0,0
BRDA:357,23,1,0
BRDA:367,24,0,0
BRDA:367,24,1,0
BRDA:378,25,0,0
BRDA:378,25,1,0
BRDA:379,26,0,0
BRDA:379,26,1,0
BRDA:379,27,0,0
BRDA:379,27,1,0
BRDA:380,28,0,0
BRDA:384,29,0,0
BRDA:384,29,1,0
BRDA:417,30,0,0
BRDA:417,30,1,0
BRDA:428,31,0,0
BRDA:441,32,0,0
BRDA:451,33,0,0
BRDA:465,34,0,0
BRDA:465,34,1,0
BRDA:466,35,0,0
BRDA:466,35,1,0
BRDA:469,36,0,0
BRDA:469,36,1,0
BRF:69
BRH:0
end_of_record
TN:
SF:src\app\api\analytics\overview\route.ts
FN:10,GET
FN:51,POST
FNF:2
FNH:0
FNDA:0,GET
FNDA:0,POST
DA:6,0
DA:7,0
DA:8,0
DA:10,0
DA:11,0
DA:13,0
DA:14,0
DA:15,0
DA:19,0
DA:20,0
DA:21,0
DA:22,0
DA:23,0
DA:25,0
DA:33,0
DA:36,0
DA:38,0
DA:43,0
DA:44,0
DA:51,0
DA:52,0
DA:54,0
DA:55,0
DA:56,0
DA:60,0
DA:61,0
DA:64,0
DA:67,0
DA:69,0
DA:74,0
DA:75,0
LF:31
LH:0
BRDA:14,0,0,0
BRDA:20,1,0,0
BRDA:20,1,1,0
BRDA:21,2,0,0
BRDA:21,2,1,0
BRDA:22,3,0,0
BRDA:22,3,1,0
BRDA:23,4,0,0
BRDA:23,4,1,0
BRDA:55,5,0,0
BRF:10
BRH:0
end_of_record
TN:
SF:src\app\api\analytics\platforms\route.ts
FN:4,GET
FNF:1
FNH:0
FNDA:0,GET
DA:1,0
DA:2,0
DA:4,0
DA:5,0
DA:6,0
DA:8,0
DA:13,0
DA:14,0
LF:8
LH:0
BRF:0
BRH:0
end_of_record
TN:
SF:src\app\api\analytics\real-time\route.ts
FN:4,GET
FNF:1
FNH:0
FNDA:0,GET
DA:1,0
DA:2,0
DA:4,0
DA:5,0
DA:6,0
DA:7,0
DA:9,0
DA:11,0
DA:16,0
DA:17,0
LF:10
LH:0
BRDA:7,0,0,0
BRDA:7,0,1,0
BRF:2
BRH:0
end_of_record
TN:
SF:src\app\api\analytics\realtime\route.ts
FN:21,POST
FN:44,(anonymous_6)
FN:82,GET
FN:140,(anonymous_8)
FN:156,(anonymous_9)
FN:158,(anonymous_10)
FN:159,(anonymous_11)
FN:161,(anonymous_12)
FN:182,(anonymous_13)
FN:193,(anonymous_14)
FN:219,PUT
FN:310,DELETE
FNF:12
FNH:0
FNDA:0,POST
FNDA:0,(anonymous_6)
FNDA:0,GET
FNDA:0,(anonymous_8)
FNDA:0,(anonymous_9)
FNDA:0,(anonymous_10)
FNDA:0,(anonymous_11)
FNDA:0,(anonymous_12)
FNDA:0,(anonymous_13)
FNDA:0,(anonymous_14)
FNDA:0,PUT
FNDA:0,DELETE
DA:1,0
DA:2,0
DA:3,0
DA:4,0
DA:5,0
DA:7,0
DA:12,0
DA:21,0
DA:22,0
DA:23,0
DA:25,0
DA:26,0
DA:32,0
DA:33,0
DA:36,0
DA:44,0
DA:46,0
DA:47,0
DA:53,0
DA:54,0
DA:56,0
DA:59,0
DA:66,0
DA:67,0
DA:73,0
DA:74,0
DA:82,0
DA:83,0
DA:84,0
DA:86,0
DA:87,0
DA:93,0
DA:94,0
DA:95,0
DA:96,0
DA:98,0
DA:100,0
DA:107,0
DA:108,0
DA:114,0
DA:115,0
DA:116,0
DA:118,0
DA:130,0
DA:132,0
DA:133,0
DA:135,0
DA:140,0
DA:145,0
DA:147,0
DA:148,0
DA:151,0
DA:156,0
DA:157,0
DA:158,0
DA:159,0
DA:161,0
DA:164,0
DA:173,0
DA:175,0
DA:182,0
DA:183,0
DA:184,0
DA:186,0
DA:193,0
DA:195,0
DA:205,0
DA:210,0
DA:211,0
DA:219,0
DA:220,0
DA:221,0
DA:223,0
DA:224,0
DA:230,0
DA:231,0
DA:233,0
DA:234,0
DA:237,0
DA:244,0
DA:245,0
DA:251,0
DA:253,0
DA:263,0
DA:264,0
DA:266,0
DA:267,0
DA:273,0
DA:275,0
DA:276,0
DA:282,0
DA:289,0
DA:294,0
DA:295,0
DA:301,0
DA:302,0
DA:310,0
DA:311,0
DA:312,0
DA:314,0
DA:315,0
DA:321,0
DA:323,0
DA:328,0
DA:329,0
LF:105
LH:0
BRDA:25,0,0,0
BRDA:25,1,0,0
BRDA:25,1,1,0
BRDA:46,2,0,0
BRDA:53,3,0,0
BRDA:53,3,1,0
BRDA:66,4,0,0
BRDA:86,5,0,0
BRDA:86,6,0,0
BRDA:86,6,1,0
BRDA:95,7,0,0
BRDA:95,7,1,0
BRDA:96,8,0,0
BRDA:96,8,1,0
BRDA:98,9,0,0
BRDA:98,10,0,0
BRDA:98,10,1,0
BRDA:107,11,0,0
BRDA:130,12,0,0
BRDA:145,13,0,0
BRDA:147,14,0,0
BRDA:147,14,1,0
BRDA:161,15,0,0
BRDA:161,15,1,0
BRDA:173,16,0,0
BRDA:223,17,0,0
BRDA:223,18,0,0
BRDA:223,18,1,0
BRDA:233,19,0,0
BRDA:244,20,0,0
BRDA:263,21,0,0
BRDA:266,22,0,0
BRDA:275,23,0,0
BRDA:294,24,0,0
BRDA:314,25,0,0
BRDA:314,26,0,0
BRDA:314,26,1,0
BRF:37
BRH:0
end_of_record
TN:
SF:src\app\api\analytics\trending\route.ts
FN:4,GET
FNF:1
FNH:0
FNDA:0,GET
DA:1,0
DA:2,0
DA:4,0
DA:5,0
DA:6,0
DA:7,0
DA:9,0
DA:11,0
DA:16,0
DA:17,0
LF:10
LH:0
BRDA:7,0,0,0
BRDA:7,0,1,0
BRF:2
BRH:0
end_of_record
TN:
SF:src\app\api\auth\[...nextauth]\route.ts
FNF:0
FNH:0
DA:1,0
DA:3,0
LF:2
LH:0
BRF:0
BRH:0
end_of_record
TN:
SF:src\app\api\categories\route.ts
FN:5,GET
FN:37,POST
FNF:2
FNH:0
FNDA:0,GET
FNDA:0,POST
DA:1,0
DA:2,0
DA:3,0
DA:5,0
DA:6,0
DA:7,0
DA:8,0
DA:10,0
DA:27,0
DA:29,0
DA:30,0
DA:37,0
DA:38,0
DA:39,0
DA:41,0
DA:42,0
DA:48,0
DA:49,0
DA:51,0
DA:52,0
DA:59,0
DA:60,0
DA:64,0
DA:65,0
DA:72,0
DA:81,0
DA:83,0
DA:84,0
LF:28
LH:0
BRDA:12,0,0,0
BRDA:12,0,1,0
BRDA:41,1,0,0
BRDA:41,2,0,0
BRDA:41,2,1,0
BRDA:51,3,0,0
BRDA:59,4,0,0
BRDA:64,5,0,0
BRDA:75,6,0,0
BRDA:75,6,1,0
BRF:10
BRH:0
end_of_record
TN:
SF:src\app\api\contact\route.ts
FN:14,POST
FN:60,GET
FNF:2
FNH:0
FNDA:0,POST
FNDA:0,GET
DA:1,0
DA:2,0
DA:3,0
DA:5,0
DA:14,0
DA:15,0
DA:16,0
DA:17,0
DA:20,0
DA:36,0
DA:44,0
DA:46,0
DA:47,0
DA:53,0
DA:60,0
DA:61,0
LF:16
LH:0
BRDA:46,0,0,0
BRF:1
BRH:0
end_of_record
TN:
SF:src\app\api\demo\login\route.ts
FN:4,POST
FNF:1
FNH:0
FNDA:0,POST
DA:1,0
DA:2,0
DA:4,0
DA:5,0
DA:6,0
DA:8,0
DA:9,0
DA:16,0
DA:22,0
DA:23,0
DA:30,0
DA:42,0
DA:43,0
DA:50,0
DA:53,0
DA:61,0
DA:76,0
DA:77,0
LF:18
LH:0
BRDA:8,0,0,0
BRDA:22,1,0,0
BRDA:42,2,0,0
BRF:3
BRH:0
end_of_record
TN:
SF:src\app\api\email\campaigns\route.ts
FN:31,POST
FN:117,GET
FN:164,(anonymous_6)
FN:213,PUT
FNF:4
FNH:0
FNDA:0,POST
FNDA:0,GET
FNDA:0,(anonymous_6)
FNDA:0,PUT
DA:1,0
DA:2,0
DA:3,0
DA:4,0
DA:5,0
DA:7,0
DA:31,0
DA:32,0
DA:33,0
DA:35,0
DA:36,0
DA:42,0
DA:50,0
DA:53,0
DA:63,0
DA:74,0
DA:88,0
DA:102,0
DA:103,0
DA:109,0
DA:110,0
DA:117,0
DA:118,0
DA:119,0
DA:121,0
DA:122,0
DA:128,0
DA:129,0
DA:130,0
DA:131,0
DA:133,0
DA:136,0
DA:137,0
DA:138,0
DA:142,0
DA:160,0
DA:163,0
DA:166,0
DA:175,0
DA:191,0
DA:205,0
DA:206,0
DA:213,0
DA:214,0
DA:215,0
DA:217,0
DA:218,0
DA:224,0
DA:225,0
DA:227,0
DA:228,0
DA:235,0
DA:239,0
DA:240,0
DA:247,0
DA:249,0
DA:250,0
DA:257,0
DA:259,0
DA:261,0
DA:269,0
DA:272,0
DA:273,0
DA:279,0
DA:284,0
DA:285,0
DA:288,0
DA:289,0
DA:295,0
DA:300,0
DA:301,0
DA:304,0
DA:305,0
DA:311,0
DA:316,0
DA:317,0
DA:320,0
DA:326,0
DA:332,0
DA:333,0
LF:80
LH:0
BRDA:35,0,0,0
BRDA:35,1,0,0
BRDA:35,1,1,0
BRDA:35,1,2,0
BRDA:53,2,0,0
BRDA:53,2,1,0
BRDA:56,3,0,0
BRDA:56,3,1,0
BRDA:57,4,0,0
BRDA:57,4,1,0
BRDA:58,5,0,0
BRDA:58,5,1,0
BRDA:68,6,0,0
BRDA:68,6,1,0
BRDA:69,7,0,0
BRDA:69,7,1,0
BRDA:102,8,0,0
BRDA:121,9,0,0
BRDA:121,10,0,0
BRDA:121,10,1,0
BRDA:121,10,2,0
BRDA:130,11,0,0
BRDA:130,11,1,0
BRDA:131,12,0,0
BRDA:131,12,1,0
BRDA:137,13,0,0
BRDA:167,14,0,0
BRDA:167,14,1,0
BRDA:168,15,0,0
BRDA:168,15,1,0
BRDA:169,16,0,0
BRDA:169,16,1,0
BRDA:170,17,0,0
BRDA:170,17,1,0
BRDA:171,18,0,0
BRDA:171,18,1,0
BRDA:172,19,0,0
BRDA:172,19,1,0
BRDA:183,20,0,0
BRDA:183,20,1,0
BRDA:217,21,0,0
BRDA:217,22,0,0
BRDA:217,22,1,0
BRDA:217,22,2,0
BRDA:227,23,0,0
BRDA:239,24,0,0
BRDA:247,25,0,0
BRDA:247,25,1,0
BRDA:247,25,2,0
BRDA:247,25,3,0
BRDA:247,25,4,0
BRDA:249,26,0,0
BRDA:249,27,0,0
BRDA:249,27,1,0
BRDA:259,28,0,0
BRDA:272,29,0,0
BRDA:288,30,0,0
BRDA:304,31,0,0
BRDA:329,32,0,0
BRDA:329,32,1,0
BRF:60
BRH:0
end_of_record
TN:
SF:src\app\api\events\payment\route.ts
FN:26,POST
FN:114,processPayment
FN:119,(anonymous_3)
FN:142,sendPaymentConfirmationEmail
FNF:4
FNH:0
FNDA:0,POST
FNDA:0,processPayment
FNDA:0,(anonymous_3)
FNDA:0,sendPaymentConfirmationEmail
DA:1,0
DA:2,0
DA:3,0
DA:5,0
DA:23,0
DA:24,0
DA:26,0
DA:27,0
DA:28,0
DA:31,0
DA:33,0
DA:36,0
DA:37,0
DA:38,0
DA:46,0
DA:48,0
DA:49,0
DA:56,0
DA:59,0
DA:79,0
DA:82,0
DA:83,0
DA:84,0
DA:85,0
DA:88,0
DA:90,0
DA:98,0
DA:100,0
DA:101,0
DA:107,0
DA:119,0
DA:122,0
DA:125,0
DA:126,0
DA:129,0
DA:130,0
DA:134,0
DA:144,0
DA:145,0
DA:146,0
DA:147,0
DA:156,0
LF:42
LH:0
BRDA:37,0,0,0
BRDA:48,1,0,0
BRDA:50,2,0,0
BRDA:50,2,1,0
BRDA:100,3,0,0
BRDA:125,4,0,0
BRDA:129,5,0,0
BRF:7
BRH:0
end_of_record
TN:
SF:src\app\api\events\register\route.ts
FN:25,POST
FN:84,GET
FN:113,sendConfirmationEmail
FNF:3
FNH:0
FNDA:0,POST
FNDA:0,GET
FNDA:0,sendConfirmationEmail
DA:1,0
DA:2,0
DA:3,0
DA:5,0
DA:23,0
DA:25,0
DA:26,0
DA:27,0
DA:30,0
DA:33,0
DA:34,0
DA:41,0
DA:44,0
DA:53,0
DA:56,0
DA:58,0
DA:68,0
DA:70,0
DA:71,0
DA:77,0
DA:84,0
DA:85,0
DA:86,0
DA:88,0
DA:89,0
DA:95,0
DA:97,0
DA:98,0
DA:105,0
DA:107,0
DA:117,0
DA:118,0
DA:119,0
DA:128,0
LF:34
LH:0
BRDA:33,0,0,0
BRDA:47,1,0,0
BRDA:47,1,1,0
BRDA:49,2,0,0
BRDA:49,2,1,0
BRDA:62,3,0,0
BRDA:62,3,1,0
BRDA:70,4,0,0
BRDA:88,5,0,0
BRDA:97,6,0,0
BRF:10
BRH:0
end_of_record
TN:
SF:src\app\api\media\route.ts
FN:8,GET
FN:79,POST
FN:175,DELETE
FNF:3
FNH:0
FNDA:0,GET
FNDA:0,POST
FNDA:0,DELETE
DA:1,0
DA:2,0
DA:3,0
DA:4,0
DA:5,0
DA:6,0
DA:8,0
DA:9,0
DA:10,0
DA:12,0
DA:13,0
DA:19,0
DA:20,0
DA:21,0
DA:22,0
DA:23,0
DA:25,0
DA:28,0
DA:39,0
DA:58,0
DA:60,0
DA:71,0
DA:72,0
DA:79,0
DA:80,0
DA:81,0
DA:83,0
DA:84,0
DA:90,0
DA:91,0
DA:92,0
DA:93,0
DA:95,0
DA:96,0
DA:103,0
DA:104,0
DA:106,0
DA:107,0
DA:113,0
DA:114,0
DA:121,0
DA:122,0
DA:123,0
DA:127,0
DA:128,0
DA:129,0
DA:130,0
DA:133,0
DA:134,0
DA:135,0
DA:138,0
DA:139,0
DA:140,0
DA:143,0
DA:165,0
DA:167,0
DA:168,0
DA:175,0
DA:176,0
DA:177,0
DA:179,0
DA:180,0
DA:186,0
DA:187,0
DA:189,0
DA:190,0
DA:197,0
DA:207,0
DA:212,0
DA:213,0
LF:70
LH:0
BRDA:12,0,0,0
BRDA:12,1,0,0
BRDA:12,1,1,0
BRDA:20,2,0,0
BRDA:20,2,1,0
BRDA:21,3,0,0
BRDA:21,3,1,0
BRDA:23,4,0,0
BRDA:23,4,1,0
BRDA:29,5,0,0
BRDA:29,5,1,0
BRDA:30,6,0,0
BRDA:30,6,1,0
BRDA:83,7,0,0
BRDA:83,8,0,0
BRDA:83,8,1,0
BRDA:95,9,0,0
BRDA:106,10,0,0
BRDA:113,11,0,0
BRDA:122,12,0,0
BRDA:139,13,0,0
BRDA:139,13,1,0
BRDA:140,14,0,0
BRDA:179,15,0,0
BRDA:179,16,0,0
BRDA:179,16,1,0
BRDA:187,17,0,0
BRDA:187,17,1,0
BRDA:189,18,0,0
BRDA:201,19,0,0
BRDA:201,19,1,0
BRF:31
BRH:0
end_of_record
TN:
SF:src\app\api\media\manage\route.ts
FN:9,PUT
FN:76,DELETE
FN:145,(anonymous_10)
FN:146,(anonymous_11)
FN:173,GET
FN:224,(anonymous_13)
FN:240,(anonymous_14)
FN:259,(anonymous_15)
FN:277,(anonymous_16)
FN:279,(anonymous_17)
FN:281,(anonymous_18)
FN:286,(anonymous_19)
FN:303,POST
FN:360,(anonymous_21)
FNF:14
FNH:0
FNDA:0,PUT
FNDA:0,DELETE
FNDA:0,(anonymous_10)
FNDA:0,(anonymous_11)
FNDA:0,GET
FNDA:0,(anonymous_13)
FNDA:0,(anonymous_14)
FNDA:0,(anonymous_15)
FNDA:0,(anonymous_16)
FNDA:0,(anonymous_17)
FNDA:0,(anonymous_18)
FNDA:0,(anonymous_19)
FNDA:0,POST
FNDA:0,(anonymous_21)
DA:1,0
DA:2,0
DA:3,0
DA:4,0
DA:5,0
DA:7,0
DA:9,0
DA:10,0
DA:11,0
DA:13,0
DA:14,0
DA:20,0
DA:21,0
DA:23,0
DA:24,0
DA:31,0
DA:49,0
DA:68,0
DA:69,0
DA:76,0
DA:77,0
DA:78,0
DA:80,0
DA:81,0
DA:87,0
DA:88,0
DA:90,0
DA:91,0
DA:98,0
DA:104,0
DA:105,0
DA:112,0
DA:113,0
DA:114,0
DA:116,0
DA:117,0
DA:120,0
DA:121,0
DA:122,0
DA:123,0
DA:124,0
DA:125,0
DA:127,0
DA:132,0
DA:134,0
DA:135,0
DA:144,0
DA:145,0
DA:146,0
DA:148,0
DA:149,0
DA:156,0
DA:165,0
DA:166,0
DA:173,0
DA:174,0
DA:175,0
DA:177,0
DA:178,0
DA:184,0
DA:185,0
DA:187,0
DA:195,0
DA:224,0
DA:225,0
DA:226,0
DA:227,0
DA:229,0
DA:230,0
DA:231,0
DA:234,0
DA:240,0
DA:250,0
DA:252,0
DA:257,0
DA:259,0
DA:266,0
DA:268,0
DA:277,0
DA:278,0
DA:279,0
DA:281,0
DA:284,0
DA:286,0
DA:290,0
DA:295,0
DA:296,0
DA:303,0
DA:304,0
DA:305,0
DA:307,0
DA:308,0
DA:314,0
DA:315,0
DA:317,0
DA:318,0
DA:320,0
DA:321,0
DA:328,0
DA:340,0
DA:348,0
DA:349,0
DA:351,0
DA:352,0
DA:359,0
DA:360,0
DA:362,0
DA:363,0
DA:365,0
DA:373,0
DA:380,0
DA:381,0
DA:383,0
DA:384,0
DA:391,0
DA:400,0
DA:409,0
DA:414,0
DA:415,0
LF:119
LH:0
BRDA:13,0,0,0
BRDA:13,1,0,0
BRDA:13,1,1,0
BRDA:23,2,0,0
BRDA:34,3,0,0
BRDA:34,3,1,0
BRDA:35,4,0,0
BRDA:35,4,1,0
BRDA:36,5,0,0
BRDA:36,5,1,0
BRDA:62,6,0,0
BRDA:62,6,1,0
BRDA:80,7,0,0
BRDA:80,8,0,0
BRDA:80,8,1,0
BRDA:90,9,0,0
BRDA:90,10,0,0
BRDA:90,10,1,0
BRDA:90,10,2,0
BRDA:104,11,0,0
BRDA:120,12,0,0
BRDA:122,13,0,0
BRDA:138,14,0,0
BRDA:138,14,1,0
BRDA:148,15,0,0
BRDA:177,16,0,0
BRDA:177,17,0,0
BRDA:177,17,1,0
BRDA:187,18,0,0
BRDA:226,19,0,0
BRDA:230,20,0,0
BRDA:230,20,1,0
BRDA:238,21,0,0
BRDA:238,21,1,0
BRDA:243,22,0,0
BRDA:243,22,1,0
BRDA:250,23,0,0
BRDA:266,24,0,0
BRDA:307,25,0,0
BRDA:307,26,0,0
BRDA:307,26,1,0
BRDA:317,27,0,0
BRDA:320,28,0,0
BRDA:320,29,0,0
BRDA:320,29,1,0
BRDA:320,29,2,0
BRDA:333,30,0,0
BRDA:333,30,1,0
BRDA:334,31,0,0
BRDA:334,31,1,0
BRDA:335,32,0,0
BRDA:335,32,1,0
BRDA:348,33,0,0
BRDA:351,34,0,0
BRDA:380,35,0,0
BRDA:383,36,0,0
BRDA:383,37,0,0
BRDA:383,37,1,0
BRF:58
BRH:0
end_of_record
TN:
SF:src\app\api\media\upload\route.ts
FN:15,POST
FN:104,(anonymous_5)
FN:158,validateFile
FN:184,processImage
FN:223,generateThumbnail
FN:238,GET
FN:303,(anonymous_10)
FNF:7
FNH:0
FNDA:0,POST
FNDA:0,(anonymous_5)
FNDA:0,validateFile
FNDA:0,processImage
FNDA:0,generateThumbnail
FNDA:0,GET
FNDA:0,(anonymous_10)
DA:1,0
DA:2,0
DA:3,0
DA:4,0
DA:5,0
DA:6,0
DA:7,0
DA:9,0
DA:10,0
DA:11,0
DA:12,0
DA:13,0
DA:15,0
DA:16,0
DA:17,0
DA:19,0
DA:20,0
DA:26,0
DA:27,0
DA:28,0
DA:29,0
DA:30,0
DA:32,0
DA:33,0
DA:40,0
DA:41,0
DA:43,0
DA:44,0
DA:46,0
DA:47,0
DA:49,0
DA:50,0
DA:51,0
DA:52,0
DA:56,0
DA:57,0
DA:58,0
DA:59,0
DA:62,0
DA:63,0
DA:66,0
DA:67,0
DA:68,0
DA:70,0
DA:71,0
DA:72,0
DA:73,0
DA:76,0
DA:77,0
DA:78,0
DA:79,0
DA:80,0
DA:84,0
DA:87,0
DA:94,0
DA:104,0
DA:114,0
DA:129,0
DA:130,0
DA:137,0
DA:150,0
DA:151,0
DA:160,0
DA:161,0
DA:168,0
DA:174,0
DA:175,0
DA:181,0
DA:185,0
DA:186,0
DA:187,0
DA:190,0
DA:193,0
DA:194,0
DA:200,0
DA:201,0
DA:204,0
DA:206,0
DA:214,0
DA:216,0
DA:224,0
DA:225,0
DA:233,0
DA:234,0
DA:238,0
DA:239,0
DA:240,0
DA:242,0
DA:243,0
DA:249,0
DA:250,0
DA:251,0
DA:252,0
DA:253,0
DA:254,0
DA:256,0
DA:259,0
DA:261,0
DA:262,0
DA:265,0
DA:266,0
DA:271,0
DA:272,0
DA:280,0
DA:298,0
DA:300,0
DA:303,0
DA:328,0
DA:329,0
LF:109
LH:0
BRDA:19,0,0,0
BRDA:19,1,0,0
BRDA:19,1,1,0
BRDA:28,2,0,0
BRDA:28,2,1,0
BRDA:29,3,0,0
BRDA:29,3,1,0
BRDA:30,4,0,0
BRDA:30,4,1,0
BRDA:32,5,0,0
BRDA:32,6,0,0
BRDA:32,6,1,0
BRDA:50,7,0,0
BRDA:70,8,0,0
BRDA:103,9,0,0
BRDA:103,9,1,0
BRDA:104,10,0,0
BRDA:104,10,1,0
BRDA:105,11,0,0
BRDA:105,11,1,0
BRDA:132,12,0,0
BRDA:132,12,1,0
BRDA:160,13,0,0
BRDA:174,14,0,0
BRDA:193,15,0,0
BRDA:193,16,0,0
BRDA:193,16,1,0
BRDA:200,17,0,0
BRDA:209,18,0,0
BRDA:209,18,1,0
BRDA:210,19,0,0
BRDA:210,19,1,0
BRDA:242,20,0,0
BRDA:242,21,0,0
BRDA:242,21,1,0
BRDA:253,22,0,0
BRDA:253,22,1,0
BRDA:254,23,0,0
BRDA:254,23,1,0
BRDA:261,24,0,0
BRDA:265,25,0,0
BRDA:271,26,0,0
BRDA:314,27,0,0
BRDA:314,27,1,0
BRF:44
BRH:0
end_of_record
TN:
SF:src\app\api\newsletter\route.ts
FN:10,POST
FN:75,DELETE
FNF:2
FNH:0
FNDA:0,POST
FNDA:0,DELETE
DA:1,0
DA:2,0
DA:3,0
DA:5,0
DA:10,0
DA:11,0
DA:12,0
DA:13,0
DA:16,0
DA:20,0
DA:21,0
DA:22,0
DA:29,0
DA:38,0
DA:45,0
DA:55,0
DA:60,0
DA:61,0
DA:67,0
DA:68,0
DA:75,0
DA:76,0
DA:77,0
DA:78,0
DA:80,0
DA:81,0
DA:87,0
DA:91,0
DA:92,0
DA:98,0
DA:105,0
DA:110,0
DA:111,0
LF:33
LH:0
BRDA:20,0,0,0
BRDA:21,1,0,0
BRDA:33,2,0,0
BRDA:33,2,1,0
BRDA:60,3,0,0
BRDA:80,4,0,0
BRDA:91,5,0,0
BRF:7
BRH:0
end_of_record
TN:
SF:src\app\api\newsletter\subscribe\route.ts
FN:22,POST
FN:102,DELETE
FN:177,GET
FN:288,generateConfirmationToken
FN:293,sendConfirmationEmail
FN:324,sendWelcomeEmail
FN:353,sendGoodbyeEmail
FNF:7
FNH:0
FNDA:0,POST
FNDA:0,DELETE
FNDA:0,GET
FNDA:0,generateConfirmationToken
FNDA:0,sendConfirmationEmail
FNDA:0,sendWelcomeEmail
FNDA:0,sendGoodbyeEmail
DA:1,0
DA:2,0
DA:3,0
DA:4,0
DA:6,0
DA:17,0
DA:22,0
DA:23,0
DA:24,0
DA:25,0
DA:28,0
DA:32,0
DA:33,0
DA:40,0
DA:42,0
DA:43,0
DA:50,0
DA:63,0
DA:73,0
DA:75,0
DA:87,0
DA:88,0
DA:94,0
DA:95,0
DA:102,0
DA:103,0
DA:104,0
DA:105,0
DA:108,0
DA:112,0
DA:113,0
DA:119,0
DA:120,0
DA:127,0
DA:128,0
DA:135,0
DA:137,0
DA:138,0
DA:145,0
DA:155,0
DA:157,0
DA:162,0
DA:163,0
DA:169,0
DA:170,0
DA:177,0
DA:178,0
DA:179,0
DA:180,0
DA:181,0
DA:182,0
DA:184,0
DA:185,0
DA:186,0
DA:193,0
DA:197,0
DA:198,0
DA:204,0
DA:205,0
DA:211,0
DA:212,0
DA:219,0
DA:229,0
DA:231,0
DA:237,0
DA:238,0
DA:239,0
DA:245,0
DA:259,0
DA:260,0
DA:266,0
DA:275,0
DA:280,0
DA:281,0
DA:289,0
DA:294,0
DA:296,0
DA:325,0
DA:354,0
LF:79
LH:0
BRDA:32,0,0,0
BRDA:32,1,0,0
BRDA:32,1,1,0
BRDA:42,2,0,0
BRDA:44,3,0,0
BRDA:44,3,1,0
BRDA:58,4,0,0
BRDA:58,4,1,0
BRDA:63,5,0,0
BRDA:63,5,1,0
BRDA:73,6,0,0
BRDA:73,6,1,0
BRDA:87,7,0,0
BRDA:112,8,0,0
BRDA:119,9,0,0
BRDA:127,10,0,0
BRDA:127,11,0,0
BRDA:127,11,1,0
BRDA:137,12,0,0
BRDA:139,13,0,0
BRDA:139,13,1,0
BRDA:155,14,0,0
BRDA:155,14,1,0
BRDA:162,15,0,0
BRDA:184,16,0,0
BRDA:185,17,0,0
BRDA:185,18,0,0
BRDA:185,18,1,0
BRDA:197,19,0,0
BRDA:204,20,0,0
BRDA:211,21,0,0
BRDA:229,22,0,0
BRDA:229,22,1,0
BRDA:237,23,0,0
BRDA:238,24,0,0
BRDA:259,25,0,0
BRDA:270,26,0,0
BRDA:270,26,1,0
BRF:38
BRH:0
end_of_record
TN:
SF:src\app\api\notifications\route.ts
FN:5,GET
FN:68,POST
FN:122,PUT
FNF:3
FNH:0
FNDA:0,GET
FNDA:0,POST
FNDA:0,PUT
DA:1,0
DA:2,0
DA:3,0
DA:5,0
DA:6,0
DA:7,0
DA:9,0
DA:10,0
DA:16,0
DA:17,0
DA:18,0
DA:19,0
DA:21,0
DA:24,0
DA:30,0
DA:46,0
DA:48,0
DA:60,0
DA:61,0
DA:68,0
DA:69,0
DA:70,0
DA:72,0
DA:73,0
DA:79,0
DA:87,0
DA:89,0
DA:90,0
DA:97,0
DA:112,0
DA:114,0
DA:115,0
DA:122,0
DA:123,0
DA:124,0
DA:126,0
DA:127,0
DA:133,0
DA:134,0
DA:136,0
DA:137,0
DA:144,0
DA:155,0
DA:157,0
DA:158,0
LF:45
LH:0
BRDA:9,0,0,0
BRDA:9,1,0,0
BRDA:9,1,1,0
BRDA:17,2,0,0
BRDA:17,2,1,0
BRDA:18,3,0,0
BRDA:18,3,1,0
BRDA:26,4,0,0
BRDA:26,4,1,0
BRDA:72,5,0,0
BRDA:72,6,0,0
BRDA:72,6,1,0
BRDA:89,7,0,0
BRDA:89,8,0,0
BRDA:89,8,1,0
BRDA:89,8,2,0
BRDA:102,9,0,0
BRDA:102,9,1,0
BRDA:104,10,0,0
BRDA:104,10,1,0
BRDA:126,11,0,0
BRDA:126,12,0,0
BRDA:126,12,1,0
BRDA:136,13,0,0
BRDA:150,14,0,0
BRDA:150,14,1,0
BRDA:151,15,0,0
BRDA:151,15,1,0
BRF:28
BRH:0
end_of_record
TN:
SF:src\app\api\notifications\mark-all-read\route.ts
FN:5,POST
FNF:1
FNH:0
FNDA:0,POST
DA:1,0
DA:2,0
DA:3,0
DA:5,0
DA:6,0
DA:7,0
DA:9,0
DA:10,0
DA:17,0
DA:28,0
DA:34,0
DA:35,0
LF:12
LH:0
BRDA:9,0,0,0
BRDA:9,1,0,0
BRDA:9,1,1,0
BRF:3
BRH:0
end_of_record
TN:
SF:src\app\api\platforms\route.ts
FN:6,GET
FN:28,(anonymous_2)
FN:45,(anonymous_3)
FNF:3
FNH:0
FNDA:0,GET
FNDA:0,(anonymous_2)
FNDA:0,(anonymous_3)
DA:1,0
DA:2,0
DA:3,0
DA:6,0
DA:7,0
DA:8,0
DA:10,0
DA:11,0
DA:14,0
DA:15,0
DA:16,0
DA:20,0
DA:21,0
DA:23,0
DA:27,0
DA:28,0
DA:29,0
DA:30,0
DA:32,0
DA:34,0
DA:36,0
DA:38,0
DA:40,0
DA:45,0
DA:52,0
DA:58,0
DA:59,0
LF:27
LH:0
BRDA:10,0,0,0
BRDA:20,1,0,0
BRDA:20,1,1,0
BRDA:27,2,0,0
BRDA:30,3,0,0
BRDA:30,3,1,0
BRDA:30,3,2,0
BRDA:30,3,3,0
BRDA:30,3,4,0
BRF:9
BRH:0
end_of_record
TN:
SF:src\app\api\platforms\health\route.ts
FN:6,GET
FN:26,(anonymous_2)
FN:31,(anonymous_3)
FN:32,(anonymous_4)
FN:35,(anonymous_5)
FNF:5
FNH:0
FNDA:0,GET
FNDA:0,(anonymous_2)
FNDA:0,(anonymous_3)
FNDA:0,(anonymous_4)
FNDA:0,(anonymous_5)
DA:1,0
DA:2,0
DA:3,0
DA:6,0
DA:7,0
DA:8,0
DA:10,0
DA:11,0
DA:14,0
DA:15,0
DA:18,0
DA:19,0
DA:22,0
DA:25,0
DA:26,0
DA:27,0
DA:30,0
DA:31,0
DA:32,0
DA:34,0
DA:35,0
DA:38,0
DA:51,0
DA:52,0
LF:24
LH:0
BRDA:10,0,0,0
BRDA:18,1,0,0
BRDA:34,2,0,0
BRDA:34,2,1,0
BRF:4
BRH:0
end_of_record
TN:
SF:src\app\api\platforms\status\route.ts
FN:5,GET
FN:44,(anonymous_4)
FN:78,(anonymous_5)
FN:89,(anonymous_6)
FN:90,(anonymous_7)
FN:112,POST
FNF:6
FNH:0
FNDA:0,GET
FNDA:0,(anonymous_4)
FNDA:0,(anonymous_5)
FNDA:0,(anonymous_6)
FNDA:0,(anonymous_7)
FNDA:0,POST
DA:1,0
DA:2,0
DA:3,0
DA:5,0
DA:6,0
DA:7,0
DA:9,0
DA:10,0
DA:16,0
DA:17,0
DA:19,0
DA:21,0
DA:22,0
DA:23,0
DA:29,0
DA:30,0
DA:31,0
DA:33,0
DA:42,0
DA:43,0
DA:45,0
DA:46,0
DA:47,0
DA:48,0
DA:50,0
DA:60,0
DA:78,0
DA:79,0
DA:80,0
DA:81,0
DA:83,0
DA:84,0
DA:88,0
DA:89,0
DA:90,0
DA:92,0
DA:104,0
DA:105,0
DA:112,0
DA:113,0
DA:114,0
DA:116,0
DA:117,0
DA:123,0
DA:124,0
DA:126,0
DA:127,0
DA:133,0
DA:134,0
DA:135,0
DA:143,0
DA:145,0
DA:146,0
DA:149,0
DA:150,0
DA:153,0
DA:154,0
DA:157,0
DA:163,0
DA:172,0
DA:173,0
LF:61
LH:0
BRDA:9,0,0,0
BRDA:9,1,0,0
BRDA:9,1,1,0
BRDA:19,2,0,0
BRDA:19,2,1,0
BRDA:22,3,0,0
BRDA:67,4,0,0
BRDA:67,4,1,0
BRDA:79,5,0,0
BRDA:79,5,1,0
BRDA:80,6,0,0
BRDA:97,7,0,0
BRDA:97,7,1,0
BRDA:116,8,0,0
BRDA:116,9,0,0
BRDA:116,9,1,0
BRDA:126,10,0,0
BRDA:126,11,0,0
BRDA:126,11,1,0
BRDA:134,12,0,0
BRDA:143,13,0,0
BRDA:143,13,1,0
BRDA:143,13,2,0
BRDA:143,13,3,0
BRF:24
BRH:0
end_of_record
TN:
SF:src\app\api\platforms\test\route.ts
FN:6,GET
FN:57,POST
FNF:2
FNH:0
FNDA:0,GET
FNDA:0,POST
DA:1,0
DA:2,0
DA:3,0
DA:4,0
DA:6,0
DA:7,0
DA:8,0
DA:10,0
DA:11,0
DA:14,0
DA:15,0
DA:16,0
DA:20,0
DA:22,0
DA:23,0
DA:26,0
DA:27,0
DA:29,0
DA:30,0
DA:33,0
DA:34,0
DA:37,0
DA:40,0
DA:49,0
DA:50,0
DA:57,0
DA:58,0
DA:59,0
DA:61,0
DA:62,0
DA:65,0
DA:66,0
DA:68,0
DA:69,0
DA:71,0
DA:72,0
DA:73,0
DA:74,0
DA:76,0
DA:84,0
DA:93,0
DA:96,0
DA:97,0
LF:43
LH:0
BRDA:10,0,0,0
BRDA:15,1,0,0
BRDA:15,1,1,0
BRDA:20,2,0,0
BRDA:20,2,1,0
BRDA:20,2,2,0
BRDA:20,2,3,0
BRDA:26,3,0,0
BRDA:43,4,0,0
BRDA:43,4,1,0
BRDA:61,5,0,0
BRDA:68,6,0,0
BRDA:68,7,0,0
BRDA:68,7,1,0
BRDA:68,7,2,0
BRDA:79,8,0,0
BRDA:79,8,1,0
BRF:17
BRH:0
end_of_record
TN:
SF:src\app\api\posts\route.ts
FN:5,GET
FN:124,POST
FN:185,(anonymous_5)
FNF:3
FNH:0
FNDA:0,GET
FNDA:0,POST
FNDA:0,(anonymous_5)
DA:1,0
DA:2,0
DA:3,0
DA:5,0
DA:6,0
DA:7,0
DA:8,0
DA:9,0
DA:10,0
DA:11,0
DA:12,0
DA:13,0
DA:14,0
DA:17,0
DA:44,0
DA:45,0
DA:47,0
DA:48,0
DA:50,0
DA:51,0
DA:53,0
DA:54,0
DA:56,0
DA:57,0
DA:59,0
DA:62,0
DA:106,0
DA:107,0
DA:108,0
DA:110,0
DA:116,0
DA:117,0
DA:124,0
DA:125,0
DA:126,0
DA:128,0
DA:129,0
DA:135,0
DA:146,0
DA:149,0
DA:150,0
DA:157,0
DA:158,0
DA:162,0
DA:163,0
DA:171,0
DA:185,0
DA:227,0
DA:229,0
DA:230,0
LF:50
LH:0
BRDA:9,0,0,0
BRDA:9,0,1,0
BRDA:14,1,0,0
BRDA:14,1,1,0
BRDA:19,2,0,0
BRDA:19,2,1,0
BRDA:20,3,0,0
BRDA:20,3,1,0
BRDA:25,4,0,0
BRDA:25,4,1,0
BRDA:34,5,0,0
BRDA:34,5,1,0
BRDA:45,6,0,0
BRDA:45,6,1,0
BRDA:45,6,2,0
BRDA:45,6,3,0
BRDA:45,6,4,0
BRDA:65,7,0,0
BRDA:65,7,1,0
BRDA:107,8,0,0
BRDA:107,8,1,0
BRDA:108,9,0,0
BRDA:108,9,1,0
BRDA:128,10,0,0
BRDA:128,11,0,0
BRDA:128,11,1,0
BRDA:144,12,0,0
BRDA:145,13,0,0
BRDA:149,14,0,0
BRDA:149,15,0,0
BRDA:149,15,1,0
BRDA:157,16,0,0
BRDA:162,17,0,0
BRDA:174,18,0,0
BRDA:174,18,1,0
BRDA:181,19,0,0
BRDA:181,19,1,0
BRDA:183,20,0,0
BRDA:183,20,1,0
BRF:39
BRH:0
end_of_record
TN:
SF:src\app\api\posts\[id]\route.ts
FN:5,GET
FN:77,PUT
FN:186,DELETE
FNF:3
FNH:0
FNDA:0,GET
FNDA:0,PUT
FNDA:0,DELETE
DA:1,0
DA:2,0
DA:3,0
DA:5,0
DA:9,0
DA:10,0
DA:51,0
DA:52,0
DA:59,0
DA:60,0
DA:61,0
DA:67,0
DA:69,0
DA:70,0
DA:77,0
DA:81,0
DA:82,0
DA:84,0
DA:85,0
DA:91,0
DA:94,0
DA:98,0
DA:99,0
DA:105,0
DA:106,0
DA:121,0
DA:124,0
DA:125,0
DA:129,0
DA:130,0
DA:137,0
DA:176,0
DA:178,0
DA:179,0
DA:186,0
DA:190,0
DA:191,0
DA:193,0
DA:194,0
DA:201,0
DA:205,0
DA:206,0
DA:212,0
DA:213,0
DA:219,0
DA:223,0
DA:225,0
DA:226,0
LF:48
LH:0
BRDA:51,0,0,0
BRDA:60,1,0,0
BRDA:60,2,0,0
BRDA:60,2,1,0
BRDA:60,2,2,0
BRDA:84,3,0,0
BRDA:84,4,0,0
BRDA:84,4,1,0
BRDA:98,5,0,0
BRDA:105,6,0,0
BRDA:124,7,0,0
BRDA:124,8,0,0
BRDA:124,8,1,0
BRDA:129,9,0,0
BRDA:140,10,0,0
BRDA:140,10,1,0
BRDA:141,11,0,0
BRDA:141,11,1,0
BRDA:142,12,0,0
BRDA:142,12,1,0
BRDA:143,13,0,0
BRDA:143,13,1,0
BRDA:144,14,0,0
BRDA:144,14,1,0
BRDA:145,15,0,0
BRDA:145,15,1,0
BRDA:146,16,0,0
BRDA:146,16,1,0
BRDA:148,17,0,0
BRDA:148,17,1,0
BRDA:148,18,0,0
BRDA:148,18,1,0
BRDA:150,19,0,0
BRDA:150,19,1,0
BRDA:193,20,0,0
BRDA:193,21,0,0
BRDA:193,21,1,0
BRDA:205,22,0,0
BRDA:212,23,0,0
BRF:39
BRH:0
end_of_record
TN:
SF:src\app\api\posts\[id]\comments\route.ts
FN:11,GET
FN:60,POST
FNF:2
FNH:0
FNDA:0,GET
FNDA:0,POST
DA:1,0
DA:2,0
DA:3,0
DA:4,0
DA:6,0
DA:11,0
DA:15,0
DA:16,0
DA:50,0
DA:52,0
DA:53,0
DA:60,0
DA:64,0
DA:65,0
DA:67,0
DA:68,0
DA:74,0
DA:75,0
DA:78,0
DA:82,0
DA:83,0
DA:90,0
DA:110,0
DA:119,0
DA:121,0
DA:122,0
DA:128,0
DA:129,0
LF:28
LH:0
BRDA:67,0,0,0
BRDA:67,1,0,0
BRDA:67,1,1,0
BRDA:82,2,0,0
BRDA:121,3,0,0
BRF:5
BRH:0
end_of_record
TN:
SF:src\app\api\posts\[id]\like\route.ts
FN:5,POST
FN:96,GET
FNF:2
FNH:0
FNDA:0,POST
FNDA:0,GET
DA:1,0
DA:2,0
DA:3,0
DA:5,0
DA:9,0
DA:10,0
DA:12,0
DA:13,0
DA:20,0
DA:24,0
DA:25,0
DA:32,0
DA:41,0
DA:43,0
DA:50,0
DA:59,0
DA:65,0
DA:73,0
DA:82,0
DA:88,0
DA:89,0
DA:96,0
DA:100,0
DA:101,0
DA:103,0
DA:104,0
DA:107,0
DA:116,0
DA:118,0
DA:119,0
LF:30
LH:0
BRDA:12,0,0,0
BRDA:12,1,0,0
BRDA:12,1,1,0
BRDA:24,2,0,0
BRDA:41,3,0,0
BRDA:41,3,1,0
BRDA:103,4,0,0
BRDA:103,5,0,0
BRDA:103,5,1,0
BRF:9
BRH:0
end_of_record
TN:
SF:src\app\api\posts\distribute\route.ts
FN:9,(anonymous_3)
FN:13,POST
FN:58,GET
FNF:3
FNH:0
FNDA:0,(anonymous_3)
FNDA:0,POST
FNDA:0,GET
DA:1,0
DA:2,0
DA:3,0
DA:4,0
DA:6,0
DA:9,0
DA:13,0
DA:14,0
DA:15,0
DA:17,0
DA:18,0
DA:21,0
DA:22,0
DA:24,0
DA:25,0
DA:31,0
DA:34,0
DA:36,0
DA:49,0
DA:50,0
DA:58,0
DA:62,0
DA:63,0
DA:65,0
DA:66,0
DA:69,0
DA:71,0
DA:73,0
DA:87,0
DA:88,0
LF:30
LH:0
BRDA:9,0,0,0
BRDA:9,0,1,0
BRDA:17,1,0,0
BRDA:24,2,0,0
BRDA:65,3,0,0
BRF:5
BRH:0
end_of_record
TN:
SF:src\app\api\posts\distribute\[jobId]\route.ts
FN:6,GET
FN:44,POST
FN:80,DELETE
FNF:3
FNH:0
FNDA:0,GET
FNDA:0,POST
FNDA:0,DELETE
DA:1,0
DA:2,0
DA:3,0
DA:6,0
DA:10,0
DA:11,0
DA:13,0
DA:14,0
DA:17,0
DA:19,0
DA:21,0
DA:35,0
DA:36,0
DA:44,0
DA:48,0
DA:49,0
DA:51,0
DA:52,0
DA:55,0
DA:57,0
DA:59,0
DA:71,0
DA:72,0
DA:80,0
DA:84,0
DA:85,0
DA:87,0
DA:88,0
DA:91,0
DA:93,0
DA:95,0
DA:96,0
DA:102,0
DA:108,0
DA:109,0
LF:35
LH:0
BRDA:13,0,0,0
BRDA:51,1,0,0
BRDA:87,2,0,0
BRDA:95,3,0,0
BRF:4
BRH:0
end_of_record
TN:
SF:src\app\api\posts\search\route.ts
FN:4,GET
FN:118,(anonymous_2)
FN:120,(anonymous_3)
FNF:3
FNH:0
FNDA:0,GET
FNDA:0,(anonymous_2)
FNDA:0,(anonymous_3)
DA:1,0
DA:2,0
DA:4,0
DA:5,0
DA:6,0
DA:7,0
DA:8,0
DA:9,0
DA:10,0
DA:11,0
DA:12,0
DA:14,0
DA:15,0
DA:21,0
DA:24,0
DA:48,0
DA:49,0
DA:51,0
DA:52,0
DA:54,0
DA:55,0
DA:57,0
DA:58,0
DA:60,0
DA:61,0
DA:63,0
DA:64,0
DA:66,0
DA:70,0
DA:114,0
DA:115,0
DA:117,0
DA:118,0
DA:120,0
DA:132,0
DA:133,0
LF:36
LH:0
BRDA:8,0,0,0
BRDA:8,0,1,0
BRDA:9,1,0,0
BRDA:9,1,1,0
BRDA:12,2,0,0
BRDA:12,2,1,0
BRDA:14,3,0,0
BRDA:31,4,0,0
BRDA:31,4,1,0
BRDA:36,5,0,0
BRDA:36,5,1,0
BRDA:49,6,0,0
BRDA:49,6,1,0
BRDA:49,6,2,0
BRDA:49,6,3,0
BRDA:49,6,4,0
BRDA:49,6,5,0
BRF:17
BRH:0
end_of_record
TN:
SF:src\app\api\publishing\jobs\route.ts
FN:110,GET
FN:131,(anonymous_6)
FN:135,(anonymous_7)
FN:139,(anonymous_8)
FN:147,(anonymous_9)
FN:148,(anonymous_10)
FN:149,(anonymous_11)
FN:150,(anonymous_12)
FN:151,(anonymous_13)
FN:176,POST
FN:240,PUT
FN:327,DELETE
FNF:12
FNH:0
FNDA:0,GET
FNDA:0,(anonymous_6)
FNDA:0,(anonymous_7)
FNDA:0,(anonymous_8)
FNDA:0,(anonymous_9)
FNDA:0,(anonymous_10)
FNDA:0,(anonymous_11)
FNDA:0,(anonymous_12)
FNDA:0,(anonymous_13)
FNDA:0,POST
FNDA:0,PUT
FNDA:0,DELETE
DA:1,0
DA:2,0
DA:30,0
DA:110,0
DA:111,0
DA:112,0
DA:114,0
DA:115,0
DA:121,0
DA:122,0
DA:123,0
DA:124,0
DA:125,0
DA:127,0
DA:130,0
DA:131,0
DA:134,0
DA:135,0
DA:139,0
DA:142,0
DA:145,0
DA:147,0
DA:148,0
DA:149,0
DA:150,0
DA:151,0
DA:154,0
DA:168,0
DA:169,0
DA:176,0
DA:177,0
DA:178,0
DA:180,0
DA:181,0
DA:187,0
DA:189,0
DA:190,0
DA:196,0
DA:197,0
DA:198,0
DA:200,0
DA:217,0
DA:225,0
DA:232,0
DA:233,0
DA:240,0
DA:241,0
DA:242,0
DA:244,0
DA:245,0
DA:251,0
DA:252,0
DA:254,0
DA:255,0
DA:261,0
DA:262,0
DA:263,0
DA:269,0
DA:271,0
DA:273,0
DA:274,0
DA:275,0
DA:276,0
DA:278,0
DA:284,0
DA:291,0
DA:292,0
DA:293,0
DA:294,0
DA:295,0
DA:296,0
DA:297,0
DA:298,0
DA:300,0
DA:306,0
DA:313,0
DA:319,0
DA:320,0
DA:327,0
DA:328,0
DA:329,0
DA:331,0
DA:332,0
DA:338,0
DA:339,0
DA:341,0
DA:342,0
DA:348,0
DA:349,0
DA:350,0
DA:357,0
DA:358,0
DA:360,0
DA:365,0
DA:371,0
DA:372,0
LF:96
LH:0
BRDA:114,0,0,0
BRDA:114,1,0,0
BRDA:114,1,1,0
BRDA:124,2,0,0
BRDA:124,2,1,0
BRDA:125,3,0,0
BRDA:125,3,1,0
BRDA:130,4,0,0
BRDA:130,5,0,0
BRDA:130,5,1,0
BRDA:134,6,0,0
BRDA:180,7,0,0
BRDA:180,8,0,0
BRDA:180,8,1,0
BRDA:189,9,0,0
BRDA:189,10,0,0
BRDA:189,10,1,0
BRDA:189,10,2,0
BRDA:189,10,3,0
BRDA:189,10,4,0
BRDA:198,11,0,0
BRDA:198,11,1,0
BRDA:205,12,0,0
BRDA:205,12,1,0
BRDA:244,13,0,0
BRDA:244,14,0,0
BRDA:244,14,1,0
BRDA:254,15,0,0
BRDA:262,16,0,0
BRDA:271,17,0,0
BRDA:271,17,1,0
BRDA:271,17,2,0
BRDA:273,18,0,0
BRDA:273,18,1,0
BRDA:273,19,0,0
BRDA:273,19,1,0
BRDA:291,20,0,0
BRDA:291,20,1,0
BRDA:331,21,0,0
BRDA:331,22,0,0
BRDA:331,22,1,0
BRDA:341,23,0,0
BRDA:349,24,0,0
BRDA:357,25,0,0
BRDA:357,25,1,0
BRF:45
BRH:0
end_of_record
TN:
SF:src\app\api\tags\route.ts
FN:5,GET
FN:69,POST
FNF:2
FNH:0
FNDA:0,GET
FNDA:0,POST
DA:1,0
DA:2,0
DA:3,0
DA:5,0
DA:6,0
DA:7,0
DA:8,0
DA:9,0
DA:10,0
DA:14,0
DA:16,0
DA:38,0
DA:59,0
DA:61,0
DA:62,0
DA:69,0
DA:70,0
DA:71,0
DA:73,0
DA:74,0
DA:80,0
DA:81,0
DA:83,0
DA:84,0
DA:91,0
DA:92,0
DA:96,0
DA:97,0
DA:104,0
DA:112,0
DA:114,0
DA:115,0
LF:32
LH:0
BRDA:10,0,0,0
BRDA:10,0,1,0
BRDA:14,1,0,0
BRDA:14,1,1,0
BRDA:41,2,0,0
BRDA:41,2,1,0
BRDA:73,3,0,0
BRDA:73,4,0,0
BRDA:73,4,1,0
BRDA:83,5,0,0
BRDA:91,6,0,0
BRDA:96,7,0,0
BRDA:107,8,0,0
BRDA:107,8,1,0
BRF:14
BRH:0
end_of_record
TN:
SF:src\app\api\templates\route.ts
FN:69,GET
FN:93,(anonymous_6)
FN:97,(anonymous_7)
FN:102,(anonymous_8)
FN:105,(anonymous_9)
FN:110,(anonymous_10)
FN:114,(anonymous_11)
FN:117,(anonymous_12)
FN:123,(anonymous_13)
FN:147,(anonymous_14)
FN:148,(anonymous_15)
FN:150,(anonymous_16)
FN:151,(anonymous_17)
FN:152,(anonymous_18)
FN:153,(anonymous_19)
FN:167,POST
FN:220,PUT
FN:290,DELETE
FNF:18
FNH:0
FNDA:0,GET
FNDA:0,(anonymous_6)
FNDA:0,(anonymous_7)
FNDA:0,(anonymous_8)
FNDA:0,(anonymous_9)
FNDA:0,(anonymous_10)
FNDA:0,(anonymous_11)
FNDA:0,(anonymous_12)
FNDA:0,(anonymous_13)
FNDA:0,(anonymous_14)
FNDA:0,(anonymous_15)
FNDA:0,(anonymous_16)
FNDA:0,(anonymous_17)
FNDA:0,(anonymous_18)
FNDA:0,(anonymous_19)
FNDA:0,POST
FNDA:0,PUT
FNDA:0,DELETE
DA:1,0
DA:2,0
DA:3,0
DA:6,0
DA:18,0
DA:69,0
DA:70,0
DA:71,0
DA:73,0
DA:74,0
DA:80,0
DA:81,0
DA:82,0
DA:83,0
DA:84,0
DA:85,0
DA:86,0
DA:87,0
DA:89,0
DA:92,0
DA:93,0
DA:96,0
DA:97,0
DA:100,0
DA:101,0
DA:102,0
DA:103,0
DA:105,0
DA:109,0
DA:110,0
DA:113,0
DA:114,0
DA:117,0
DA:118,0
DA:123,0
DA:124,0
DA:125,0
DA:127,0
DA:131,0
DA:132,0
DA:133,0
DA:135,0
DA:147,0
DA:148,0
DA:150,0
DA:151,0
DA:152,0
DA:153,0
DA:159,0
DA:160,0
DA:167,0
DA:168,0
DA:169,0
DA:171,0
DA:172,0
DA:178,0
DA:179,0
DA:181,0
DA:182,0
DA:196,0
DA:198,0
DA:205,0
DA:206,0
DA:212,0
DA:213,0
DA:220,0
DA:221,0
DA:222,0
DA:224,0
DA:225,0
DA:231,0
DA:232,0
DA:234,0
DA:235,0
DA:241,0
DA:242,0
DA:243,0
DA:250,0
DA:251,0
DA:257,0
DA:258,0
DA:260,0
DA:266,0
DA:268,0
DA:275,0
DA:276,0
DA:282,0
DA:283,0
DA:290,0
DA:291,0
DA:292,0
DA:294,0
DA:295,0
DA:301,0
DA:302,0
DA:304,0
DA:305,0
DA:311,0
DA:312,0
DA:313,0
DA:320,0
DA:321,0
DA:327,0
DA:329,0
DA:334,0
DA:335,0
LF:106
LH:0
BRDA:73,0,0,0
BRDA:73,1,0,0
BRDA:73,1,1,0
BRDA:86,2,0,0
BRDA:86,2,1,0
BRDA:87,3,0,0
BRDA:87,3,1,0
BRDA:92,4,0,0
BRDA:92,5,0,0
BRDA:92,5,1,0
BRDA:96,6,0,0
BRDA:96,7,0,0
BRDA:96,7,1,0
BRDA:100,8,0,0
BRDA:103,9,0,0
BRDA:103,9,1,0
BRDA:103,9,2,0
BRDA:109,10,0,0
BRDA:113,11,0,0
BRDA:113,11,1,0
BRDA:118,12,0,0
BRDA:118,12,1,0
BRDA:124,13,0,0
BRDA:171,14,0,0
BRDA:171,15,0,0
BRDA:171,15,1,0
BRDA:190,16,0,0
BRDA:190,16,1,0
BRDA:205,17,0,0
BRDA:224,18,0,0
BRDA:224,19,0,0
BRDA:224,19,1,0
BRDA:234,20,0,0
BRDA:242,21,0,0
BRDA:250,22,0,0
BRDA:250,23,0,0
BRDA:250,23,1,0
BRDA:275,24,0,0
BRDA:294,25,0,0
BRDA:294,26,0,0
BRDA:294,26,1,0
BRDA:304,27,0,0
BRDA:312,28,0,0
BRDA:320,29,0,0
BRDA:320,30,0,0
BRDA:320,30,1,0
BRF:46
BRH:0
end_of_record
TN:
SF:src\app\api\templates\[id]\route.ts
FN:47,GET
FN:90,POST
FN:205,PUT
FN:261,DELETE
FNF:4
FNH:0
FNDA:0,GET
FNDA:0,POST
FNDA:0,PUT
FNDA:0,DELETE
DA:1,0
DA:2,0
DA:6,0
DA:47,0
DA:48,0
DA:49,0
DA:51,0
DA:52,0
DA:58,0
DA:60,0
DA:61,0
DA:68,0
DA:69,0
DA:75,0
DA:82,0
DA:83,0
DA:90,0
DA:91,0
DA:92,0
DA:94,0
DA:95,0
DA:101,0
DA:103,0
DA:105,0
DA:106,0
DA:113,0
DA:114,0
DA:120,0
DA:123,0
DA:128,0
DA:130,0
DA:140,0
DA:141,0
DA:147,0
DA:152,0
DA:154,0
DA:164,0
DA:165,0
DA:180,0
DA:182,0
DA:191,0
DA:197,0
DA:198,0
DA:205,0
DA:206,0
DA:207,0
DA:209,0
DA:210,0
DA:216,0
DA:218,0
DA:219,0
DA:226,0
DA:227,0
DA:233,0
DA:235,0
DA:244,0
DA:246,0
DA:253,0
DA:254,0
DA:261,0
DA:262,0
DA:263,0
DA:265,0
DA:266,0
DA:272,0
DA:274,0
DA:275,0
DA:282,0
DA:283,0
DA:289,0
DA:291,0
DA:296,0
DA:297,0
LF:73
LH:0
BRDA:51,0,0,0
BRDA:51,1,0,0
BRDA:51,1,1,0
BRDA:60,2,0,0
BRDA:68,3,0,0
BRDA:68,4,0,0
BRDA:68,4,1,0
BRDA:94,5,0,0
BRDA:94,6,0,0
BRDA:94,6,1,0
BRDA:105,7,0,0
BRDA:113,8,0,0
BRDA:113,9,0,0
BRDA:113,9,1,0
BRDA:120,10,0,0
BRDA:120,10,1,0
BRDA:120,10,2,0
BRDA:120,10,3,0
BRDA:140,11,0,0
BRDA:158,12,0,0
BRDA:158,12,1,0
BRDA:175,13,0,0
BRDA:175,13,1,0
BRDA:209,14,0,0
BRDA:209,15,0,0
BRDA:209,15,1,0
BRDA:218,16,0,0
BRDA:226,17,0,0
BRDA:226,18,0,0
BRDA:226,18,1,0
BRDA:265,19,0,0
BRDA:265,20,0,0
BRDA:265,20,1,0
BRDA:274,21,0,0
BRDA:282,22,0,0
BRDA:282,23,0,0
BRDA:282,23,1,0
BRF:37
BRH:0
end_of_record
TN:
SF:src\app\auth\error\page.tsx
FN:16,AuthErrorPage
FN:19,(anonymous_5)
FNF:2
FNH:0
FNDA:0,AuthErrorPage
FNDA:0,(anonymous_5)
DA:2,0
DA:3,0
DA:5,0
DA:16,0
DA:17,0
DA:19,0
DA:20,0
DA:22,0
DA:24,0
DA:26,0
DA:28,0
DA:30,0
LF:12
LH:0
BRDA:20,0,0,0
BRDA:20,0,1,0
BRDA:20,0,2,0
BRDA:20,0,3,0
BRDA:20,0,4,0
BRF:5
BRH:0
end_of_record
TN:
SF:src\app\auth\forgot-password\page.tsx
FN:22,ForgotPasswordPage
FNF:1
FNH:0
FNDA:0,ForgotPasswordPage
DA:2,0
DA:3,0
DA:4,0
DA:5,0
DA:6,0
DA:7,0
DA:14,0
DA:15,0
DA:17,0
DA:22,0
LF:10
LH:0
BRF:0
BRH:0
end_of_record
TN:
SF:src\app\auth\signin\page.tsx
FN:6,SignInRedirect
FN:10,(anonymous_2)
FNF:2
FNH:0
FNDA:0,SignInRedirect
FNDA:0,(anonymous_2)
DA:3,0
DA:4,0
DA:6,0
DA:7,0
DA:8,0
DA:10,0
DA:12,0
DA:13,0
DA:15,0
DA:16,0
DA:20,0
DA:21,0
LF:12
LH:0
BRDA:15,0,0,0
BRDA:20,1,0,0
BRDA:20,1,1,0
BRF:3
BRH:0
end_of_record
TN:
SF:src\app\auth\signup\page.tsx
[...]
FNDA:0,(anonymous_3)
FNDA:0,(anonymous_4)
FNDA:0,(anonymous_5)
FNDA:0,(anonymous_6)
FNDA:0,(anonymous_7)
FNDA:0,(anonymous_8)
FNDA:0,(anonymous_9)
FNDA:0,(anonymous_10)
FNDA:0,(anonymous_11)
FNDA:0,(anonymous_12)
FNDA:0,(anonymous_13)
DA:1,1
DA:11,1
DA:12,1
DA:13,1
DA:14,1
DA:19,0
DA:40,0
DA:41,0
DA:42,0
DA:46,0
DA:47,0
DA:50,0
DA:53,0
DA:59,0
DA:60,0
DA:63,0
DA:64,0
DA:66,0
DA:68,0
DA:69,0
DA:74,0
DA:75,0
DA:76,0
DA:80,0
DA:82,0
DA:83,0
DA:84,0
DA:85,0
DA:89,0
DA:90,0
DA:91,0
DA:95,0
DA:102,0
DA:103,0
DA:107,0
DA:108,0
DA:112,0
DA:113,0
DA:116,0
DA:125,0
DA:127,0
DA:128,0
DA:131,0
DA:142,0
DA:143,0
DA:151,0
DA:153,0
DA:154,0
DA:155,0
DA:158,0
DA:161,0
DA:162,0
DA:163,0
DA:165,0
DA:173,0
DA:175,0
DA:176,0
DA:177,0
DA:181,0
DA:183,0
DA:186,0
DA:192,0
DA:193,0
DA:196,0
DA:198,0
DA:199,0
DA:204,0
DA:205,0
DA:206,0
DA:209,0
DA:210,0
DA:211,0
DA:215,0
DA:216,0
DA:218,0
DA:219,0
DA:221,0
DA:225,0
DA:226,0
DA:227,0
DA:228,0
DA:230,0
DA:234,0
DA:248,0
DA:251,0
DA:252,0
DA:256,0
DA:257,0
DA:261,0
DA:263,0
DA:267,0
DA:268,0
DA:272,0
DA:274,0
DA:286,0
DA:296,0
DA:304,0
DA:305,0
DA:306,0
DA:308,0
DA:309,0
DA:314,0
DA:315,0
DA:317,0
DA:323,0
DA:324,0
DA:326,0
DA:327,0
LF:108
LH:5
BRDA:41,0,0,0
BRDA:46,1,0,0
BRDA:59,2,0,0
BRDA:75,3,0,0
BRDA:82,4,0,0
BRDA:82,5,0,0
BRDA:82,5,1,0
BRDA:85,6,0,0
BRDA:89,7,0,0
BRDA:89,8,0,0
BRDA:89,8,1,0
BRDA:91,9,0,0
BRDA:97,10,0,0
BRDA:97,10,1,0
BRDA:102,11,0,0
BRDA:107,12,0,0
BRDA:112,13,0,0
BRDA:127,14,0,0
BRDA:128,15,0,0
BRDA:128,15,1,0
BRDA:137,16,0,0
BRDA:137,16,1,0
BRDA:145,17,0,0
BRDA:145,17,1,0
BRDA:154,18,0,0
BRDA:175,19,0,0
BRDA:181,20,0,0
BRDA:193,21,0,0
BRDA:193,21,1,0
BRDA:205,22,0,0
BRDA:205,22,1,0
BRDA:209,23,0,0
BRDA:218,24,0,0
BRDA:218,24,1,0
BRDA:225,25,0,0
BRDA:227,26,0,0
BRDA:227,26,1,0
BRDA:238,27,0,0
BRDA:238,27,1,0
BRDA:251,28,0,0
BRDA:256,29,0,0
BRDA:276,30,0,0
BRDA:276,30,1,0
BRDA:278,31,0,0
BRDA:278,31,1,0
BRDA:279,32,0,0
BRDA:279,32,1,0
BRDA:289,33,0,0
BRDA:289,33,1,0
BRDA:297,34,0,0
BRDA:297,34,1,0
BRDA:315,35,0,0
BRDA:324,36,0,0
BRDA:324,36,1,0
BRF:54
BRH:0
end_of_record
TN:
SF:src\lib\platforms\adapters\medium.ts
FN:19,(anonymous_1)
FN:50,(anonymous_2)
FN:101,(anonymous_3)
FN:125,(anonymous_4)
FN:161,(anonymous_5)
FN:167,(anonymous_6)
FN:184,(anonymous_7)
FN:193,(anonymous_8)
FN:202,(anonymous_9)
FN:214,(anonymous_10)
FN:215,(anonymous_11)
FN:218,(anonymous_12)
FN:253,(anonymous_13)
FN:279,(anonymous_14)
FN:308,(anonymous_15)
FN:316,(anonymous_16)
FNF:16
FNH:0
FNDA:0,(anonymous_1)
FNDA:0,(anonymous_2)
FNDA:0,(anonymous_3)
FNDA:0,(anonymous_4)
FNDA:0,(anonymous_5)
FNDA:0,(anonymous_6)
FNDA:0,(anonymous_7)
FNDA:0,(anonymous_8)
FNDA:0,(anonymous_9)
FNDA:0,(anonymous_10)
FNDA:0,(anonymous_11)
FNDA:0,(anonymous_12)
FNDA:0,(anonymous_13)
FNDA:0,(anonymous_14)
FNDA:0,(anonymous_15)
FNDA:0,(anonymous_16)
DA:1,1
DA:12,1
DA:13,1
DA:14,1
DA:15,1
DA:17,1
DA:20,0
DA:21,0
DA:22,0
DA:25,0
DA:28,0
DA:36,0
DA:37,0
DA:40,0
DA:41,0
DA:43,0
DA:45,0
DA:46,0
DA:51,0
DA:52,0
DA:53,0
DA:56,0
DA:59,0
DA:66,0
DA:67,0
DA:70,0
DA:71,0
DA:74,0
DA:85,0
DA:96,0
DA:97,0
DA:98,0
DA:100,0
DA:101,0
DA:102,0
DA:105,0
DA:106,0
DA:108,0
DA:121,0
DA:127,0
DA:130,0
DA:131,0
DA:135,0
DA:136,0
DA:140,0
DA:141,0
DA:145,0
DA:147,0
DA:162,0
DA:165,0
DA:167,0
DA:168,0
DA:173,0
DA:174,0
DA:175,0
DA:179,0
DA:181,0
DA:185,0
DA:188,0
DA:189,0
DA:193,0
DA:194,0
DA:195,0
DA:196,0
DA:201,0
DA:202,0
DA:203,0
DA:204,0
DA:205,0
DA:206,0
DA:211,0
DA:215,0
DA:219,0
DA:220,0
DA:221,0
DA:226,0
DA:233,0
DA:234,0
DA:237,0
DA:240,0
DA:248,0
DA:249,0
DA:254,0
DA:280,0
DA:281,0
DA:284,0
DA:291,0
DA:293,0
DA:300,0
DA:310,0
DA:318,0
LF:91
LH:6
BRDA:21,0,0,0
BRDA:36,1,0,0
BRDA:52,2,0,0
BRDA:66,3,0,0
BRDA:78,4,0,0
BRDA:78,4,1,0
BRDA:96,5,0,0
BRDA:96,5,1,0
BRDA:100,6,0,0
BRDA:130,7,0,0
BRDA:135,8,0,0
BRDA:140,9,0,0
BRDA:151,10,0,0
BRDA:151,10,1,0
BRDA:165,11,0,0
BRDA:165,12,0,0
BRDA:165,12,1,0
BRDA:168,13,0,0
BRDA:168,13,1,0
BRDA:173,14,0,0
BRDA:173,15,0,0
BRDA:173,15,1,0
BRDA:173,15,2,0
BRDA:188,16,0,0
BRDA:195,17,0,0
BRDA:195,18,0,0
BRDA:195,18,1,0
BRDA:203,19,0,0
BRDA:203,20,0,0
BRDA:203,20,1,0
BRDA:205,21,0,0
BRDA:220,22,0,0
BRDA:233,23,0,0
BRDA:287,24,0,0
BRDA:287,24,1,0
BRDA:303,25,0,0
BRDA:303,25,1,0
BRF:37
BRH:0
end_of_record
TN:
SF:src\lib\platforms\adapters\pinterest.ts
FN:16,(anonymous_1)
FN:35,(anonymous_2)
FN:69,(anonymous_3)
FN:142,(anonymous_4)
FN:151,(anonymous_5)
FN:174,(anonymous_6)
FN:210,(anonymous_7)
FN:236,(anonymous_8)
FN:264,(anonymous_9)
FN:291,(anonymous_10)
FN:327,(anonymous_11)
FN:354,(anonymous_12)
FNF:12
FNH:0
FNDA:0,(anonymous_1)
FNDA:0,(anonymous_2)
FNDA:0,(anonymous_3)
FNDA:0,(anonymous_4)
FNDA:0,(anonymous_5)
FNDA:0,(anonymous_6)
FNDA:0,(anonymous_7)
FNDA:0,(anonymous_8)
FNDA:0,(anonymous_9)
FNDA:0,(anonymous_10)
FNDA:0,(anonymous_11)
FNDA:0,(anonymous_12)
DA:1,1
DA:9,1
DA:10,1
DA:11,1
DA:12,1
DA:14,1
DA:17,0
DA:36,0
DA:37,0
DA:38,0
DA:42,0
DA:52,0
DA:53,0
DA:56,0
DA:57,0
DA:58,0
DA:60,0
DA:61,0
DA:63,0
DA:64,0
DA:65,0
DA:70,0
DA:71,0
DA:77,0
DA:79,0
DA:80,0
DA:86,0
DA:89,0
DA:90,0
DA:91,0
DA:97,0
DA:108,0
DA:120,0
DA:121,0
DA:122,0
DA:125,0
DA:127,0
DA:134,0
DA:135,0
DA:145,0
DA:152,0
DA:153,0
DA:156,0
DA:157,0
DA:167,0
DA:169,0
DA:170,0
DA:175,0
DA:176,0
DA:179,0
DA:180,0
DA:189,0
DA:190,0
DA:193,0
DA:195,0
DA:205,0
DA:206,0
DA:214,0
DA:215,0
DA:218,0
DA:221,0
DA:222,0
DA:223,0
DA:224,0
DA:228,0
DA:229,0
DA:230,0
DA:233,0
DA:237,0
DA:238,0
DA:241,0
DA:242,0
DA:251,0
DA:252,0
DA:255,0
DA:256,0
DA:258,0
DA:259,0
DA:265,0
DA:266,0
DA:269,0
DA:270,0
DA:279,0
DA:280,0
DA:283,0
DA:284,0
DA:286,0
DA:287,0
DA:292,0
DA:293,0
DA:296,0
DA:297,0
DA:303,0
DA:315,0
DA:316,0
DA:319,0
DA:320,0
DA:322,0
DA:323,0
DA:328,0
DA:329,0
DA:332,0
DA:333,0
DA:342,0
DA:343,0
DA:346,0
DA:347,0
DA:349,0
DA:350,0
DA:355,0
DA:356,0
DA:359,0
DA:360,0
DA:369,0
DA:370,0
DA:373,0
DA:374,0
DA:376,0
DA:377,0
LF:119
LH:6
BRDA:37,0,0,0
BRDA:52,1,0,0
BRDA:70,2,0,0
BRDA:70,3,0,0
BRDA:70,3,1,0
BRDA:79,4,0,0
BRDA:89,5,0,0
BRDA:89,5,1,0
BRDA:90,6,0,0
BRDA:98,7,0,0
BRDA:98,7,1,0
BRDA:120,8,0,0
BRDA:122,9,0,0
BRDA:122,9,1,0
BRDA:137,10,0,0
BRDA:137,10,1,0
BRDA:152,11,0,0
BRDA:152,12,0,0
BRDA:152,12,1,0
BRDA:175,13,0,0
BRDA:175,14,0,0
BRDA:175,14,1,0
BRDA:189,15,0,0
BRDA:196,16,0,0
BRDA:196,16,1,0
BRDA:197,17,0,0
BRDA:197,17,1,0
BRDA:198,18,0,0
BRDA:198,18,1,0
BRDA:199,19,0,0
BRDA:199,19,1,0
BRDA:215,20,0,0
BRDA:215,20,1,0
BRDA:222,21,0,0
BRDA:228,22,0,0
BRDA:228,23,0,0
BRDA:228,23,1,0
BRDA:237,24,0,0
BRDA:237,25,0,0
BRDA:237,25,1,0
BRDA:251,26,0,0
BRDA:256,27,0,0
BRDA:256,27,1,0
BRDA:265,28,0,0
BRDA:265,29,0,0
BRDA:265,29,1,0
BRDA:279,30,0,0
BRDA:284,31,0,0
BRDA:284,31,1,0
BRDA:292,32,0,0
BRDA:292,33,0,0
BRDA:292,33,1,0
BRDA:299,34,0,0
BRDA:299,34,1,0
BRDA:315,35,0,0
BRDA:327,36,0,0
BRDA:328,37,0,0
BRDA:328,38,0,0
BRDA:328,38,1,0
BRDA:342,39,0,0
BRDA:347,40,0,0
BRDA:347,40,1,0
BRDA:355,41,0,0
BRDA:355,42,0,0
BRDA:355,42,1,0
BRDA:369,43,0,0
BRDA:374,44,0,0
BRDA:374,44,1,0
BRF:68
BRH:0
end_of_record
TN:
SF:src\lib\platforms\adapters\reddit.ts
FN:17,(anonymous_1)
FN:36,(anonymous_2)
FN:90,(anonymous_3)
FN:163,(anonymous_4)
FN:170,(anonymous_5)
FN:198,(anonymous_6)
FN:244,(anonymous_7)
FN:283,(anonymous_8)
FN:304,(anonymous_9)
FN:311,(anonymous_10)
FN:327,(anonymous_11)
FN:334,(anonymous_12)
FN:357,(anonymous_13)
FNF:13
FNH:0
FNDA:0,(anonymous_1)
FNDA:0,(anonymous_2)
FNDA:0,(anonymous_3)
FNDA:0,(anonymous_4)
FNDA:0,(anonymous_5)
FNDA:0,(anonymous_6)
FNDA:0,(anonymous_7)
FNDA:0,(anonymous_8)
FNDA:0,(anonymous_9)
FNDA:0,(anonymous_10)
FNDA:0,(anonymous_11)
FNDA:0,(anonymous_12)
FNDA:0,(anonymous_13)
DA:1,1
DA:9,1
DA:10,1
DA:11,1
DA:12,1
DA:14,1
DA:15,1
DA:18,0
DA:37,0
DA:38,0
DA:39,0
DA:43,0
DA:56,0
DA:57,0
DA:60,0
DA:63,0
DA:70,0
DA:71,0
DA:74,0
DA:75,0
DA:76,0
DA:81,0
DA:82,0
DA:84,0
DA:85,0
DA:86,0
DA:91,0
DA:92,0
DA:98,0
DA:99,0
DA:100,0
DA:102,0
DA:111,0
DA:112,0
DA:121,0
DA:134,0
DA:135,0
DA:136,0
DA:139,0
DA:141,0
DA:142,0
DA:145,0
DA:146,0
DA:148,0
DA:155,0
DA:156,0
DA:164,0
DA:171,0
DA:172,0
DA:175,0
DA:176,0
DA:191,0
DA:193,0
DA:194,0
DA:199,0
DA:200,0
DA:203,0
DA:205,0
DA:215,0
DA:216,0
DA:219,0
DA:221,0
DA:222,0
DA:225,0
DA:227,0
DA:239,0
DA:240,0
DA:248,0
DA:249,0
DA:253,0
DA:263,0
DA:264,0
DA:265,0
DA:266,0
DA:270,0
DA:271,0
DA:275,0
DA:276,0
DA:279,0
DA:284,0
DA:285,0
DA:288,0
DA:289,0
DA:299,0
DA:300,0
DA:303,0
DA:304,0
DA:306,0
DA:307,0
DA:312,0
DA:313,0
DA:322,0
DA:323,0
DA:326,0
DA:327,0
DA:329,0
DA:330,0
DA:335,0
DA:336,0
DA:345,0
DA:346,0
DA:349,0
DA:350,0
DA:352,0
DA:353,0
DA:358,0
DA:359,0
DA:362,0
DA:363,0
DA:373,0
DA:374,0
DA:377,0
DA:378,0
DA:380,0
DA:381,0
LF:115
LH:7
BRDA:38,0,0,0
BRDA:38,1,0,0
BRDA:38,1,1,0
BRDA:38,1,2,0
BRDA:56,2,0,0
BRDA:70,3,0,0
BRDA:91,4,0,0
BRDA:91,5,0,0
BRDA:91,5,1,0
BRDA:99,6,0,0
BRDA:99,6,1,0
BRDA:111,7,0,0
BRDA:134,8,0,0
BRDA:136,9,0,0
BRDA:136,9,1,0
BRDA:141,10,0,0
BRDA:141,11,0,0
BRDA:141,11,1,0
BRDA:158,12,0,0
BRDA:158,12,1,0
BRDA:171,13,0,0
BRDA:171,14,0,0
BRDA:171,14,1,0
BRDA:199,15,0,0
BRDA:199,16,0,0
BRDA:199,16,1,0
BRDA:215,17,0,0
BRDA:221,18,0,0
BRDA:221,19,0,0
BRDA:221,19,1,0
BRDA:228,20,0,0
BRDA:228,20,1,0
BRDA:229,21,0,0
BRDA:229,21,1,0
BRDA:230,22,0,0
BRDA:230,22,1,0
BRDA:231,23,0,0
BRDA:231,23,1,0
BRDA:232,24,0,0
BRDA:232,24,1,0
BRDA:233,25,0,0
BRDA:233,25,1,0
BRDA:264,26,0,0
BRDA:270,27,0,0
BRDA:275,28,0,0
BRDA:284,29,0,0
BRDA:284,30,0,0
BRDA:284,30,1,0
BRDA:299,31,0,0
BRDA:304,32,0,0
BRDA:304,32,1,0
BRDA:322,33,0,0
BRDA:327,34,0,0
BRDA:327,34,1,0
BRDA:345,35,0,0
BRDA:350,36,0,0
BRDA:350,36,1,0
BRDA:358,37,0,0
BRDA:358,38,0,0
BRDA:358,38,1,0
BRDA:373,39,0,0
BRDA:378,40,0,0
BRDA:378,40,1,0
BRF:63
BRH:0
end_of_record
TN:
SF:src\lib\platforms\adapters\threads.ts
FN:18,(anonymous_1)
FN:38,(anonymous_2)
FN:67,(anonymous_3)
FN:90,(anonymous_4)
FN:152,(anonymous_5)
FN:214,(anonymous_6)
FN:246,(anonymous_7)
FN:287,(anonymous_8)
FN:295,(anonymous_9)
FN:331,(anonymous_10)
FN:336,(anonymous_11)
FN:345,(anonymous_12)
FN:366,(anonymous_13)
FNF:13
FNH:0
FNDA:0,(anonymous_1)
FNDA:0,(anonymous_2)
FNDA:0,(anonymous_3)
FNDA:0,(anonymous_4)
FNDA:0,(anonymous_5)
FNDA:0,(anonymous_6)
FNDA:0,(anonymous_7)
FNDA:0,(anonymous_8)
FNDA:0,(anonymous_9)
FNDA:0,(anonymous_10)
FNDA:0,(anonymous_11)
FNDA:0,(anonymous_12)
FNDA:0,(anonymous_13)
DA:1,1
DA:11,1
DA:12,1
DA:13,1
DA:14,1
DA:16,1
DA:19,0
DA:39,0
DA:40,0
DA:41,0
DA:44,0
DA:47,0
DA:53,0
DA:54,0
DA:57,0
DA:58,0
DA:60,0
DA:62,0
DA:63,0
DA:68,0
DA:69,0
DA:70,0
DA:74,0
DA:76,0
DA:77,0
DA:79,0
DA:82,0
DA:83,0
DA:91,0
DA:97,0
DA:98,0
DA:99,0
DA:103,0
DA:104,0
DA:105,0
DA:109,0
DA:118,0
DA:120,0
DA:121,0
DA:125,0
DA:136,0
DA:138,0
DA:139,0
DA:142,0
DA:154,0
DA:155,0
DA:157,0
DA:159,0
DA:160,0
DA:161,0
DA:167,0
DA:168,0
DA:169,0
DA:173,0
DA:174,0
DA:177,0
DA:186,0
DA:188,0
DA:189,0
DA:193,0
DA:204,0
DA:206,0
DA:207,0
DA:210,0
DA:213,0
DA:214,0
DA:218,0
DA:229,0
DA:230,0
DA:242,0
DA:247,0
DA:248,0
DA:251,0
DA:252,0
DA:254,0
DA:255,0
DA:256,0
DA:258,0
DA:259,0
DA:260,0
DA:263,0
DA:264,0
DA:265,0
DA:266,0
DA:268,0
DA:269,0
DA:270,0
DA:273,0
DA:274,0
DA:282,0
DA:283,0
DA:287,0
DA:288,0
DA:289,0
DA:291,0
DA:296,0
DA:297,0
DA:298,0
DA:301,0
DA:304,0
DA:305,0
DA:306,0
DA:310,0
DA:311,0
DA:315,0
DA:316,0
DA:319,0
DA:332,0
DA:335,0
DA:336,0
DA:340,0
DA:342,0
DA:346,0
DA:347,0
DA:351,0
DA:358,0
DA:367,0
LF:117
LH:6
BRDA:40,0,0,0
BRDA:53,1,0,0
BRDA:69,2,0,0
BRDA:76,3,0,0
BRDA:76,3,1,0
BRDA:85,4,0,0
BRDA:85,4,1,0
BRDA:97,5,0,0
BRDA:97,6,0,0
BRDA:97,6,1,0
BRDA:103,7,0,0
BRDA:103,8,0,0
BRDA:103,8,1,0
BRDA:120,9,0,0
BRDA:121,10,0,0
BRDA:121,10,1,0
BRDA:138,11,0,0
BRDA:139,12,0,0
BRDA:139,12,1,0
BRDA:167,13,0,0
BRDA:167,14,0,0
BRDA:167,14,1,0
BRDA:167,14,2,0
BRDA:173,15,0,0
BRDA:173,16,0,0
BRDA:173,16,1,0
BRDA:188,17,0,0
BRDA:206,18,0,0
BRDA:213,19,0,0
BRDA:229,20,0,0
BRDA:255,21,0,0
BRDA:255,21,1,0
BRDA:256,22,0,0
BRDA:256,22,1,0
BRDA:258,23,0,0
BRDA:258,23,1,0
BRDA:265,24,0,0
BRDA:265,24,1,0
BRDA:266,25,0,0
BRDA:266,25,1,0
BRDA:268,26,0,0
BRDA:268,26,1,0
BRDA:282,27,0,0
BRDA:288,28,0,0
BRDA:297,29,0,0
BRDA:297,29,1,0
BRDA:305,30,0,0
BRDA:310,31,0,0
BRDA:315,32,0,0
BRDA:315,33,0,0
BRDA:315,33,1,0
BRDA:323,34,0,0
BRDA:323,34,1,0
BRDA:335,35,0,0
BRDA:353,36,0,0
BRDA:353,36,1,0
BRDA:355,37,0,0
BRDA:355,37,1,0
BRDA:361,38,0,0
BRDA:361,38,1,0
BRDA:368,39,0,0
BRDA:368,39,1,0
BRF:62
BRH:0
end_of_record
TN:
SF:src\lib\platforms\adapters\tiktok.ts
FN:18,(anonymous_1)
FN:41,(anonymous_2)
FN:78,(anonymous_3)
FN:138,(anonymous_4)
FN:193,(anonymous_5)
FN:233,(anonymous_6)
FN:253,(anonymous_7)
FN:257,(anonymous_8)
FN:279,(anonymous_9)
FNF:9
FNH:0
FNDA:0,(anonymous_1)
FNDA:0,(anonymous_2)
FNDA:0,(anonymous_3)
FNDA:0,(anonymous_4)
FNDA:0,(anonymous_5)
FNDA:0,(anonymous_6)
FNDA:0,(anonymous_7)
FNDA:0,(anonymous_8)
FNDA:0,(anonymous_9)
DA:1,1
DA:11,1
DA:12,1
DA:13,1
DA:14,1
DA:16,1
DA:19,0
DA:42,0
DA:43,0
DA:44,0
DA:47,0
DA:50,0
DA:61,0
DA:62,0
DA:65,0
DA:66,0
DA:67,0
DA:70,0
DA:71,0
DA:73,0
DA:74,0
DA:79,0
DA:80,0
DA:81,0
DA:85,0
DA:86,0
DA:90,0
DA:91,0
DA:92,0
DA:96,0
DA:105,0
DA:114,0
DA:116,0
DA:117,0
DA:120,0
DA:130,0
DA:131,0
DA:139,0
DA:141,0
DA:157,0
DA:158,0
DA:159,0
DA:162,0
DA:163,0
DA:166,0
DA:167,0
DA:169,0
DA:177,0
DA:178,0
DA:181,0
DA:186,0
DA:194,0
DA:195,0
DA:196,0
DA:199,0
DA:200,0
DA:201,0
DA:205,0
DA:208,0
DA:209,0
DA:210,0
DA:212,0
DA:216,0
DA:217,0
DA:220,0
DA:235,0
DA:236,0
DA:239,0
DA:242,0
DA:243,0
DA:245,0
DA:246,0
DA:248,0
DA:249,0
DA:253,0
DA:254,0
DA:258,0
DA:260,0
DA:264,0
DA:271,0
DA:282,0
LF:81
LH:6
BRDA:43,0,0,0
BRDA:61,1,0,0
BRDA:66,2,0,0
BRDA:80,3,0,0
BRDA:85,4,0,0
BRDA:85,5,0,0
BRDA:85,5,1,0
BRDA:91,6,0,0
BRDA:116,7,0,0
BRDA:116,8,0,0
BRDA:116,8,1,0
BRDA:117,9,0,0
BRDA:117,9,1,0
BRDA:133,10,0,0
BRDA:133,10,1,0
BRDA:158,11,0,0
BRDA:158,12,0,0
BRDA:158,12,1,0
BRDA:159,13,0,0
BRDA:159,13,1,0
BRDA:177,14,0,0
BRDA:188,15,0,0
BRDA:188,15,1,0
BRDA:195,16,0,0
BRDA:195,16,1,0
BRDA:199,17,0,0
BRDA:209,18,0,0
BRDA:209,18,1,0
BRDA:216,19,0,0
BRDA:216,20,0,0
BRDA:216,20,1,0
BRDA:224,21,0,0
BRDA:224,21,1,0
BRDA:242,22,0,0
BRDA:242,23,0,0
BRDA:242,23,1,0
BRDA:245,24,0,0
BRDA:245,25,0,0
BRDA:245,25,1,0
BRDA:248,26,0,0
BRDA:248,27,0,0
BRDA:248,27,1,0
BRDA:253,28,0,0
BRDA:253,28,1,0
BRDA:266,29,0,0
BRDA:266,29,1,0
BRDA:268,30,0,0
BRDA:268,30,1,0
BRDA:274,31,0,0
BRDA:274,31,1,0
BRDA:283,32,0,0
BRDA:283,32,1,0
BRF:52
BRH:0
end_of_record
TN:
SF:src\lib\platforms\adapters\twitter.ts
FN:19,(anonymous_1)
FN:49,(anonymous_2)
FN:85,(anonymous_3)
FN:107,(anonymous_4)
FN:132,(anonymous_5)
FN:150,(anonymous_6)
FN:167,(anonymous_7)
FN:179,(anonymous_8)
FN:181,(anonymous_9)
FN:186,(anonymous_10)
FN:187,(anonymous_11)
FN:190,(anonymous_12)
FN:207,(anonymous_13)
FN:217,(anonymous_14)
FN:225,(anonymous_15)
FN:235,(anonymous_16)
FN:274,(anonymous_17)
FN:293,(anonymous_18)
FN:323,(anonymous_19)
FN:350,(anonymous_20)
FN:367,(anonymous_21)
FNF:21
FNH:0
FNDA:0,(anonymous_1)
FNDA:0,(anonymous_2)
FNDA:0,(anonymous_3)
FNDA:0,(anonymous_4)
FNDA:0,(anonymous_5)
FNDA:0,(anonymous_6)
FNDA:0,(anonymous_7)
FNDA:0,(anonymous_8)
FNDA:0,(anonymous_9)
FNDA:0,(anonymous_10)
FNDA:0,(anonymous_11)
FNDA:0,(anonymous_12)
FNDA:0,(anonymous_13)
FNDA:0,(anonymous_14)
FNDA:0,(anonymous_15)
FNDA:0,(anonymous_16)
FNDA:0,(anonymous_17)
FNDA:0,(anonymous_18)
FNDA:0,(anonymous_19)
FNDA:0,(anonymous_20)
FNDA:0,(anonymous_21)
DA:1,1
DA:12,1
DA:13,1
DA:14,1
DA:15,1
DA:17,1
DA:20,0
DA:21,0
DA:22,0
DA:25,0
DA:28,0
DA:35,0
DA:36,0
DA:39,0
DA:40,0
DA:42,0
DA:44,0
DA:45,0
DA:50,0
DA:51,0
DA:52,0
DA:55,0
DA:58,0
DA:63,0
DA:66,0
DA:70,0
DA:80,0
DA:81,0
DA:82,0
DA:84,0
DA:85,0
DA:86,0
DA:89,0
DA:90,0
DA:92,0
DA:103,0
DA:108,0
DA:111,0
DA:114,0
DA:117,0
DA:119,0
DA:133,0
DA:134,0
DA:137,0
DA:138,0
DA:141,0
DA:142,0
DA:143,0
DA:144,0
DA:149,0
DA:150,0
DA:151,0
DA:152,0
DA:153,0
DA:158,0
DA:159,0
DA:160,0
DA:164,0
DA:165,0
DA:166,0
DA:167,0
DA:169,0
DA:170,0
DA:172,0
DA:176,0
DA:180,0
DA:181,0
DA:184,0
DA:186,0
DA:187,0
DA:191,0
DA:194,0
DA:202,0
DA:203,0
DA:207,0
DA:208,0
DA:209,0
DA:210,0
DA:214,0
DA:218,0
DA:220,0
DA:221,0
DA:225,0
DA:226,0
DA:227,0
DA:228,0
DA:232,0
DA:236,0
DA:237,0
DA:238,0
DA:242,0
DA:249,0
DA:250,0
DA:253,0
DA:254,0
DA:256,0
DA:269,0
DA:270,0
DA:275,0
DA:294,0
DA:295,0
DA:298,0
DA:305,0
DA:307,0
DA:314,0
DA:324,0
DA:327,0
DA:328,0
DA:333,0
DA:334,0
DA:339,0
DA:340,0
DA:349,0
DA:350,0
DA:351,0
DA:354,0
DA:355,0
DA:356,0
DA:358,0
DA:366,0
DA:367,0
DA:371,0
DA:372,0
DA:376,0
LF:124
LH:6
BRDA:21,0,0,0
BRDA:35,1,0,0
BRDA:51,2,0,0
BRDA:63,3,0,0
BRDA:63,4,0,0
BRDA:63,4,1,0
BRDA:80,5,0,0
BRDA:80,5,1,0
BRDA:81,6,0,0
BRDA:81,6,1,0
BRDA:84,7,0,0
BRDA:98,8,0,0
BRDA:98,8,1,0
BRDA:123,9,0,0
BRDA:123,9,1,0
BRDA:141,10,0,0
BRDA:143,11,0,0
BRDA:152,12,0,0
BRDA:158,13,0,0
BRDA:165,14,0,0
BRDA:165,15,0,0
BRDA:165,15,1,0
BRDA:169,16,0,0
BRDA:169,16,1,0
BRDA:179,17,0,0
BRDA:187,18,0,0
BRDA:187,18,1,0
BRDA:202,19,0,0
BRDA:202,20,0,0
BRDA:202,20,1,0
BRDA:209,21,0,0
BRDA:209,22,0,0
BRDA:209,22,1,0
BRDA:220,23,0,0
BRDA:227,24,0,0
BRDA:237,25,0,0
BRDA:249,26,0,0
BRDA:257,27,0,0
BRDA:257,27,1,0
BRDA:258,28,0,0
BRDA:258,28,1,0
BRDA:259,29,0,0
BRDA:259,29,1,0
BRDA:260,30,0,0
BRDA:260,30,1,0
BRDA:262,31,0,0
BRDA:262,31,1,0
BRDA:263,32,0,0
BRDA:263,32,1,0
BRDA:264,33,0,0
BRDA:264,33,1,0
BRDA:301,34,0,0
BRDA:301,34,1,0
BRDA:317,35,0,0
BRDA:317,35,1,0
BRDA:333,36,0,0
BRDA:349,37,0,0
BRDA:366,38,0,0
BRF:58
BRH:0
end_of_record
TN:
SF:src\lib\platforms\adapters\youtube.ts
FN:16,(anonymous_1)
FN:35,(anonymous_2)
FN:67,(anonymous_3)
FN:73,(anonymous_4)
FN:135,(anonymous_5)
FN:213,(anonymous_6)
FN:222,(anonymous_7)
FN:243,(anonymous_8)
FN:281,(anonymous_9)
FN:302,(anonymous_10)
FN:316,(anonymous_11)
FN:328,(anonymous_12)
FN:350,(anonymous_13)
FNF:13
FNH:0
FNDA:0,(anonymous_1)
FNDA:0,(anonymous_2)
FNDA:0,(anonymous_3)
FNDA:0,(anonymous_4)
FNDA:0,(anonymous_5)
FNDA:0,(anonymous_6)
FNDA:0,(anonymous_7)
FNDA:0,(anonymous_8)
FNDA:0,(anonymous_9)
FNDA:0,(anonymous_10)
FNDA:0,(anonymous_11)
FNDA:0,(anonymous_12)
FNDA:0,(anonymous_13)
DA:1,1
DA:9,1
DA:10,1
DA:11,1
DA:12,1
DA:14,1
DA:17,0
DA:36,0
DA:37,0
DA:38,0
DA:42,0
DA:46,0
DA:47,0
DA:50,0
DA:51,0
DA:52,0
DA:55,0
DA:56,0
DA:58,0
DA:59,0
DA:61,0
DA:62,0
DA:63,0
DA:70,0
DA:74,0
DA:75,0
DA:81,0
DA:82,0
DA:85,0
DA:92,0
DA:94,0
DA:95,0
DA:96,0
DA:102,0
DA:113,0
DA:114,0
DA:115,0
DA:118,0
DA:120,0
DA:127,0
DA:128,0
DA:136,0
DA:137,0
DA:143,0
DA:144,0
DA:147,0
DA:161,0
DA:174,0
DA:175,0
DA:178,0
DA:179,0
DA:180,0
DA:184,0
DA:192,0
DA:193,0
DA:196,0
DA:198,0
DA:205,0
DA:206,0
DA:216,0
DA:223,0
DA:224,0
DA:227,0
DA:229,0
DA:236,0
DA:238,0
DA:239,0
DA:244,0
DA:245,0
DA:248,0
DA:250,0
DA:254,0
DA:255,0
DA:258,0
DA:260,0
DA:261,0
DA:264,0
DA:266,0
DA:276,0
DA:277,0
DA:285,0
DA:286,0
DA:289,0
DA:292,0
DA:293,0
DA:294,0
DA:295,0
DA:299,0
DA:300,0
DA:302,0
DA:305,0
DA:309,0
DA:310,0
DA:313,0
DA:317,0
DA:320,0
DA:322,0
DA:323,0
DA:329,0
DA:330,0
DA:333,0
DA:334,0
DA:338,0
DA:339,0
DA:342,0
DA:343,0
DA:345,0
DA:346,0
DA:351,0
DA:352,0
DA:356,0
DA:357,0
DA:360,0
DA:361,0
DA:363,0
DA:364,0
LF:116
LH:6
BRDA:37,0,0,0
BRDA:46,1,0,0
BRDA:51,2,0,0
BRDA:51,3,0,0
BRDA:51,3,1,0
BRDA:74,4,0,0
BRDA:74,5,0,0
BRDA:74,5,1,0
BRDA:92,6,0,0
BRDA:95,7,0,0
BRDA:113,8,0,0
BRDA:115,9,0,0
BRDA:115,9,1,0
BRDA:130,10,0,0
BRDA:130,10,1,0
BRDA:136,11,0,0
BRDA:136,12,0,0
BRDA:136,12,1,0
BRDA:174,13,0,0
BRDA:179,14,0,0
BRDA:192,15,0,0
BRDA:208,16,0,0
BRDA:208,16,1,0
BRDA:223,17,0,0
BRDA:223,18,0,0
BRDA:223,18,1,0
BRDA:244,19,0,0
BRDA:244,20,0,0
BRDA:244,20,1,0
BRDA:254,21,0,0
BRDA:260,22,0,0
BRDA:260,23,0,0
BRDA:260,23,1,0
BRDA:267,24,0,0
BRDA:267,24,1,0
BRDA:268,25,0,0
BRDA:268,25,1,0
BRDA:269,26,0,0
BRDA:269,26,1,0
BRDA:270,27,0,0
BRDA:270,27,1,0
BRDA:293,28,0,0
BRDA:299,29,0,0
BRDA:299,30,0,0
BRDA:299,30,1,0
BRDA:309,31,0,0
BRDA:329,32,0,0
BRDA:329,33,0,0
BRDA:329,33,1,0
BRDA:338,34,0,0
BRDA:343,35,0,0
BRDA:343,35,1,0
BRDA:356,36,0,0
BRDA:361,37,0,0
BRDA:361,37,1,0
BRF:55
BRH:0
end_of_record
TN:
SF:src\types\prisma.ts
FN:31,adaptPrismaPostToBlogPost
FN:35,(anonymous_2)
FNF:2
FNH:0
FNDA:0,adaptPrismaPostToBlogPost
FNDA:0,(anonymous_2)
DA:31,0
DA:32,0
DA:35,0
LF:3
LH:0
BRDA:35,0,0,0
BRDA:35,0,1,0
BRDA:36,1,0,0
BRDA:36,1,1,0
BRDA:37,2,0,0
BRDA:37,2,1,0
BRDA:38,3,0,0
BRDA:38,3,1,0
BRDA:40,4,0,0
BRDA:40,4,1,0
BRF:10
BRH:0
end_of_record
